2019-08-20 18:34:34 INFO  PropertiesCache:22 - java.io.BufferedInputStream@7c0e2abd
2019-08-20 18:34:34 INFO  PropertiesCache:23 - Read all the configurations from  file
2019-08-20 18:34:34 INFO  ExtentManager:92 - Directory already exists: D:\Software\Training\selenium\HonestFoodCompanySelenium\TestReport
2019-08-20 18:34:34 INFO  ExtentManager:73 - ExtentReport Path for WINDOWS: D:\Software\Training\selenium\HonestFoodCompanySelenium\TestReport

2019-08-20 18:34:35 INFO  TestBase:54 - :::::::::::::::::::: Launching webdriver ::::::::::::::::::::
2019-08-20 18:34:35 INFO  TestBase:70 -  =================================================== 
2019-08-20 18:34:35 INFO  TestBase:71 - Url is :: http://bet.unibet.co.uk
2019-08-20 18:34:35 INFO  TestBase:72 -  =================================================== 
2019-08-20 18:34:48 INFO  TestListener:33 - Test Suite started!
2019-08-20 18:34:51 INFO  TestBase:115 - Testcase name is :::::: testCaseOne
2019-08-20 18:34:51 INFO  TestBase:116 - testCaseOne Started ::::
2019-08-20 18:34:51 INFO  TestListener:77 - testCaseOne started!
2019-08-20 18:35:05 INFO  TestListener:89 - Test casetestCaseOne passed!
2019-08-20 18:35:05 INFO  TestBase:124 - Testcase execution completed :::::: testCaseOne
2019-08-20 18:35:05 INFO  TestBase:107 - Tests Ended from class :::::UbinetSampleTestCases
2019-08-20 18:35:05 INFO  TestListener:60 - Congrats, All test cases are passed
2019-08-20 18:35:05 INFO  TestListener:62 - Test Suite is ending!
2019-08-20 18:35:05 INFO  TestBase:131 - Logger Info:: Inside suiteEndReached Method
2019-08-20 18:35:05 INFO  TestBase:132 - Suite ended
2019-08-20 18:35:11 INFO  PropertiesCache:22 - java.io.BufferedInputStream@7c0e2abd
2019-08-20 18:35:11 INFO  PropertiesCache:23 - Read all the configurations from  file
2019-08-20 18:35:11 INFO  ExtentManager:92 - Directory already exists: D:\Software\Training\selenium\HonestFoodCompanySelenium\TestReport
2019-08-20 18:35:11 INFO  ExtentManager:73 - ExtentReport Path for WINDOWS: D:\Software\Training\selenium\HonestFoodCompanySelenium\TestReport

2019-08-20 18:35:11 INFO  TestBase:54 - :::::::::::::::::::: Launching webdriver ::::::::::::::::::::
2019-08-20 18:35:11 INFO  TestBase:70 -  =================================================== 
2019-08-20 18:35:11 INFO  TestBase:71 - Url is :: http://bet.unibet.co.uk
2019-08-20 18:35:11 INFO  TestBase:72 -  =================================================== 
2019-08-20 18:35:23 INFO  TestListener:33 - Test Suite started!
2019-08-20 18:35:53 INFO  TestListener:126 - testCaseOne skipped!
2019-08-20 18:35:53 INFO  TestListener:130 - java.lang.NullPointerException
2019-08-20 18:35:53 INFO  TestListener:60 - Congrats, All test cases are passed
2019-08-20 18:35:53 INFO  TestListener:62 - Test Suite is ending!
2019-08-20 18:36:06 INFO  PropertiesCache:22 - java.io.BufferedInputStream@7c0e2abd
2019-08-20 18:36:06 INFO  PropertiesCache:23 - Read all the configurations from  file
2019-08-20 18:36:06 INFO  ExtentManager:92 - Directory already exists: D:\Software\Training\selenium\HonestFoodCompanySelenium\TestReport
2019-08-20 18:36:06 INFO  ExtentManager:73 - ExtentReport Path for WINDOWS: D:\Software\Training\selenium\HonestFoodCompanySelenium\TestReport

2019-08-20 18:36:07 INFO  TestBase:54 - :::::::::::::::::::: Launching webdriver ::::::::::::::::::::
2019-08-20 18:36:07 INFO  TestBase:70 -  =================================================== 
2019-08-20 18:36:07 INFO  TestBase:71 - Url is :: http://bet.unibet.co.uk
2019-08-20 18:36:07 INFO  TestBase:72 -  =================================================== 
2019-08-20 18:36:22 INFO  TestListener:33 - Test Suite started!
2019-08-20 18:36:46 INFO  TestBase:115 - Testcase name is :::::: testCaseOne
2019-08-20 18:36:46 INFO  TestBase:116 - testCaseOne Started ::::
2019-08-20 18:36:46 INFO  TestListener:77 - testCaseOne started!
2019-08-20 18:36:57 INFO  TestBase:49 - Exception occured while clicking on Search Icon :: org.openqa.selenium.NoSuchElementException: no such element: Unable to locate element: {"method":"xpath","selector":"//*[@class = 'rI41o9BAj8cGhB9n0sKTJ'][2]"}
  (Session info: chrome=76.0.3809.100)
For documentation on this error, please visit: http://seleniumhq.org/exceptions/no_such_element.html
Build info: version: '3.6.0', revision: '6fbf3ec767', time: '2017-09-27T15:28:36.4Z'
System info: host: 'DESKTOP-I4QDLMG', ip: '127.0.0.1', os.name: 'Windows 10', os.arch: 'amd64', os.version: '10.0', java.version: '1.8.0_211'
Driver info: org.openqa.selenium.chrome.ChromeDriver
Capabilities [{networkConnectionEnabled=false, chrome={chromedriverVersion=75.0.3770.140 (2d9f97485c7b07dc18a74666574f19176731995c-refs/branch-heads/3770@{#1155}), userDataDir=C:\Users\Moh\AppData\Local\Temp\scoped_dir8560_5032}, timeouts={implicit=0, pageLoad=300000, script=30000}, pageLoadStrategy=normal, unhandledPromptBehavior=dismiss and notify, strictFileInteractability=false, platform=XP, proxy=Proxy(), goog:chromeOptions={debuggerAddress=localhost:62619}, acceptInsecureCerts=false, browserVersion=76.0.3809.100, browserName=chrome, javascriptEnabled=true, platformName=XP, setWindowRect=true}]
Session ID: 6d1d40778b5230d397b6f02c1b8631ae
*** Element info: {Using=xpath, value=//*[@class = 'rI41o9BAj8cGhB9n0sKTJ'][2]}
2019-08-20 18:37:05 INFO  TestBase:59 - Exception occured while entering data in Search in blog :: java.lang.NullPointerException
2019-08-20 18:37:12 INFO  PropertiesCache:22 - java.io.BufferedInputStream@7c0e2abd
2019-08-20 18:37:12 INFO  PropertiesCache:23 - Read all the configurations from  file
2019-08-20 18:37:12 INFO  ExtentManager:92 - Directory already exists: D:\Software\Training\selenium\HonestFoodCompanySelenium\TestReport
2019-08-20 18:37:12 INFO  ExtentManager:73 - ExtentReport Path for WINDOWS: D:\Software\Training\selenium\HonestFoodCompanySelenium\TestReport

2019-08-20 18:37:12 INFO  TestBase:54 - :::::::::::::::::::: Launching webdriver ::::::::::::::::::::
2019-08-20 18:37:12 INFO  TestBase:70 -  =================================================== 
2019-08-20 18:37:12 INFO  TestBase:71 - Url is :: http://bet.unibet.co.uk
2019-08-20 18:37:12 INFO  TestBase:72 -  =================================================== 
2019-08-20 18:37:28 INFO  TestListener:33 - Test Suite started!
2019-08-20 18:37:31 INFO  TestBase:115 - Testcase name is :::::: testCaseOne
2019-08-20 18:37:31 INFO  TestBase:116 - testCaseOne Started ::::
2019-08-20 18:37:31 INFO  TestListener:77 - testCaseOne started!
2019-08-20 18:37:45 INFO  TestListener:89 - Test casetestCaseOne passed!
2019-08-20 18:37:45 INFO  TestBase:124 - Testcase execution completed :::::: testCaseOne
2019-08-20 18:37:45 INFO  TestBase:107 - Tests Ended from class :::::UbinetSampleTestCases
2019-08-20 18:37:45 INFO  TestListener:60 - Congrats, All test cases are passed
2019-08-20 18:37:45 INFO  TestListener:62 - Test Suite is ending!
2019-08-20 18:37:45 INFO  TestBase:131 - Logger Info:: Inside suiteEndReached Method
2019-08-20 18:37:45 INFO  TestBase:132 - Suite ended
2019-08-20 18:39:45 INFO  PropertiesCache:22 - java.io.BufferedInputStream@7c0e2abd
2019-08-20 18:39:45 INFO  PropertiesCache:23 - Read all the configurations from  file
2019-08-20 18:39:45 INFO  ExtentManager:92 - Directory already exists: D:\Software\Training\selenium\HonestFoodCompanySelenium\TestReport
2019-08-20 18:39:45 INFO  ExtentManager:73 - ExtentReport Path for WINDOWS: D:\Software\Training\selenium\HonestFoodCompanySelenium\TestReport

2019-08-20 18:39:45 INFO  TestBase:54 - :::::::::::::::::::: Launching webdriver ::::::::::::::::::::
2019-08-20 18:39:45 INFO  TestBase:70 -  =================================================== 
2019-08-20 18:39:45 INFO  TestBase:71 - Url is :: http://bet.unibet.co.uk
2019-08-20 18:39:45 INFO  TestBase:72 -  =================================================== 
2019-08-20 18:40:05 INFO  TestListener:33 - Test Suite started!
2019-08-20 18:40:08 INFO  TestBase:115 - Testcase name is :::::: testCaseOne
2019-08-20 18:40:08 INFO  TestBase:116 - testCaseOne Started ::::
2019-08-20 18:40:08 INFO  TestListener:77 - testCaseOne started!
2019-08-20 18:40:23 INFO  TestListener:89 - Test casetestCaseOne passed!
2019-08-20 18:40:23 INFO  TestBase:124 - Testcase execution completed :::::: testCaseOne
2019-08-20 18:40:23 INFO  TestBase:107 - Tests Ended from class :::::UbinetSampleTestCases
2019-08-20 18:40:23 INFO  TestListener:60 - Congrats, All test cases are passed
2019-08-20 18:40:23 INFO  TestListener:62 - Test Suite is ending!
2019-08-20 18:40:23 INFO  TestBase:131 - Logger Info:: Inside suiteEndReached Method
2019-08-20 18:40:23 INFO  TestBase:132 - Suite ended
2019-08-20 18:48:31 INFO  PropertiesCache:22 - java.io.BufferedInputStream@7c0e2abd
2019-08-20 18:48:31 INFO  PropertiesCache:23 - Read all the configurations from  file
2019-08-20 18:48:31 INFO  ExtentManager:92 - Directory already exists: D:\Software\Training\selenium\HonestFoodCompanySelenium\TestReport
2019-08-20 18:48:31 INFO  ExtentManager:73 - ExtentReport Path for WINDOWS: D:\Software\Training\selenium\HonestFoodCompanySelenium\TestReport

2019-08-20 18:48:31 INFO  TestBase:54 - :::::::::::::::::::: Launching webdriver ::::::::::::::::::::
2019-08-20 18:48:31 INFO  TestBase:70 -  =================================================== 
2019-08-20 18:48:31 INFO  TestBase:71 - Url is :: http://bet.unibet.co.uk
2019-08-20 18:48:31 INFO  TestBase:72 -  =================================================== 
2019-08-20 18:48:46 INFO  TestListener:33 - Test Suite started!
2019-08-20 18:48:49 INFO  TestBase:115 - Testcase name is :::::: testCaseOne
2019-08-20 18:48:49 INFO  TestBase:116 - testCaseOne Started ::::
2019-08-20 18:48:49 INFO  TestListener:77 - testCaseOne started!
2019-08-20 18:49:00 INFO  TestBase:87 - Exception occured while clicking on continueWithoutBonus button :: org.openqa.selenium.NoSuchElementException: no such element: Unable to locate element: {"method":"xpath","selector":"//*[contains(text(),'Continue Without Special Bonus')]"}
  (Session info: chrome=76.0.3809.100)
For documentation on this error, please visit: http://seleniumhq.org/exceptions/no_such_element.html
Build info: version: '3.6.0', revision: '6fbf3ec767', time: '2017-09-27T15:28:36.4Z'
System info: host: 'DESKTOP-I4QDLMG', ip: '192.168.43.108', os.name: 'Windows 10', os.arch: 'amd64', os.version: '10.0', java.version: '1.8.0_211'
Driver info: org.openqa.selenium.chrome.ChromeDriver
Capabilities [{networkConnectionEnabled=false, chrome={chromedriverVersion=75.0.3770.140 (2d9f97485c7b07dc18a74666574f19176731995c-refs/branch-heads/3770@{#1155}), userDataDir=C:\Users\Moh\AppData\Local\Temp\scoped_dir25180_24958}, timeouts={implicit=0, pageLoad=300000, script=30000}, pageLoadStrategy=normal, unhandledPromptBehavior=dismiss and notify, strictFileInteractability=false, platform=XP, proxy=Proxy(), goog:chromeOptions={debuggerAddress=localhost:50377}, acceptInsecureCerts=false, browserVersion=76.0.3809.100, browserName=chrome, javascriptEnabled=true, platformName=XP, setWindowRect=true}]
Session ID: 6efdff41b93033210dfcd3b64b0adf19
*** Element info: {Using=xpath, value=//*[contains(text(),'Continue Without Special Bonus')]}
2019-08-20 18:49:14 INFO  TestListener:89 - Test casetestCaseOne passed!
2019-08-20 18:49:14 INFO  TestBase:124 - Testcase execution completed :::::: testCaseOne
2019-08-20 18:49:14 INFO  TestBase:107 - Tests Ended from class :::::UbinetSampleTestCases
2019-08-20 18:49:14 INFO  TestListener:60 - Congrats, All test cases are passed
2019-08-20 18:49:14 INFO  TestListener:62 - Test Suite is ending!
2019-08-20 18:49:15 INFO  TestBase:131 - Logger Info:: Inside suiteEndReached Method
2019-08-20 18:49:15 INFO  TestBase:132 - Suite ended
2019-08-20 19:14:57 INFO  PropertiesCache:22 - java.io.BufferedInputStream@7c0e2abd
2019-08-20 19:14:57 INFO  PropertiesCache:23 - Read all the configurations from  file
2019-08-20 19:14:57 INFO  ExtentManager:92 - Directory already exists: D:\Software\Training\selenium\HonestFoodCompanySelenium\TestReport
2019-08-20 19:14:57 INFO  ExtentManager:73 - ExtentReport Path for WINDOWS: D:\Software\Training\selenium\HonestFoodCompanySelenium\TestReport

2019-08-20 19:14:57 INFO  TestBase:54 - :::::::::::::::::::: Launching webdriver ::::::::::::::::::::
2019-08-20 19:14:57 INFO  TestBase:70 -  =================================================== 
2019-08-20 19:14:57 INFO  TestBase:71 - Url is :: http://bet.unibet.co.uk
2019-08-20 19:14:57 INFO  TestBase:72 -  =================================================== 
2019-08-20 19:15:17 INFO  TestListener:33 - Test Suite started!
2019-08-20 19:15:21 INFO  TestBase:115 - Testcase name is :::::: testCaseOne
2019-08-20 19:15:21 INFO  TestBase:116 - testCaseOne Started ::::
2019-08-20 19:15:21 INFO  TestListener:77 - testCaseOne started!
2019-08-20 19:15:32 INFO  TestBase:93 - Exception occured while clicking on continueWithoutBonus button :: org.openqa.selenium.NoSuchElementException: no such element: Unable to locate element: {"method":"xpath","selector":"//*[contains(text(),'Continue Without Special Bonus')]"}
  (Session info: chrome=76.0.3809.100)
For documentation on this error, please visit: http://seleniumhq.org/exceptions/no_such_element.html
Build info: version: '3.6.0', revision: '6fbf3ec767', time: '2017-09-27T15:28:36.4Z'
System info: host: 'DESKTOP-I4QDLMG', ip: '192.168.43.108', os.name: 'Windows 10', os.arch: 'amd64', os.version: '10.0', java.version: '1.8.0_211'
Driver info: org.openqa.selenium.chrome.ChromeDriver
Capabilities [{networkConnectionEnabled=false, chrome={chromedriverVersion=75.0.3770.140 (2d9f97485c7b07dc18a74666574f19176731995c-refs/branch-heads/3770@{#1155}), userDataDir=C:\Users\Moh\AppData\Local\Temp\scoped_dir20808_21206}, timeouts={implicit=0, pageLoad=300000, script=30000}, pageLoadStrategy=normal, unhandledPromptBehavior=dismiss and notify, strictFileInteractability=false, platform=XP, proxy=Proxy(), goog:chromeOptions={debuggerAddress=localhost:58724}, acceptInsecureCerts=false, browserVersion=76.0.3809.100, browserName=chrome, javascriptEnabled=true, platformName=XP, setWindowRect=true}]
Session ID: baf4a73b36fa86050029a290b7fd2a2b
*** Element info: {Using=xpath, value=//*[contains(text(),'Continue Without Special Bonus')]}
2019-08-20 19:21:04 INFO  PropertiesCache:22 - java.io.BufferedInputStream@7c0e2abd
2019-08-20 19:21:04 INFO  PropertiesCache:23 - Read all the configurations from  file
2019-08-20 19:21:04 INFO  ExtentManager:92 - Directory already exists: D:\Software\Training\selenium\HonestFoodCompanySelenium\TestReport
2019-08-20 19:21:04 INFO  ExtentManager:73 - ExtentReport Path for WINDOWS: D:\Software\Training\selenium\HonestFoodCompanySelenium\TestReport

2019-08-20 19:21:04 INFO  TestBase:54 - :::::::::::::::::::: Launching webdriver ::::::::::::::::::::
2019-08-20 19:21:04 INFO  TestBase:70 -  =================================================== 
2019-08-20 19:21:04 INFO  TestBase:71 - Url is :: http://bet.unibet.co.uk
2019-08-20 19:21:04 INFO  TestBase:72 -  =================================================== 
2019-08-20 19:21:21 INFO  TestListener:33 - Test Suite started!
2019-08-20 19:21:24 INFO  TestBase:115 - Testcase name is :::::: testCaseOne
2019-08-20 19:21:24 INFO  TestBase:116 - testCaseOne Started ::::
2019-08-20 19:21:24 INFO  TestListener:77 - testCaseOne started!
2019-08-20 19:21:35 INFO  TestBase:93 - Exception occured while clicking on continueWithoutBonus button :: org.openqa.selenium.NoSuchElementException: no such element: Unable to locate element: {"method":"xpath","selector":"//*[contains(text(),'Continue Without Special Bonus')]"}
  (Session info: chrome=76.0.3809.100)
For documentation on this error, please visit: http://seleniumhq.org/exceptions/no_such_element.html
Build info: version: '3.6.0', revision: '6fbf3ec767', time: '2017-09-27T15:28:36.4Z'
System info: host: 'DESKTOP-I4QDLMG', ip: '192.168.43.108', os.name: 'Windows 10', os.arch: 'amd64', os.version: '10.0', java.version: '1.8.0_211'
Driver info: org.openqa.selenium.chrome.ChromeDriver
Capabilities [{networkConnectionEnabled=false, chrome={chromedriverVersion=75.0.3770.140 (2d9f97485c7b07dc18a74666574f19176731995c-refs/branch-heads/3770@{#1155}), userDataDir=C:\Users\Moh\AppData\Local\Temp\scoped_dir28800_22983}, timeouts={implicit=0, pageLoad=300000, script=30000}, pageLoadStrategy=normal, unhandledPromptBehavior=dismiss and notify, strictFileInteractability=false, platform=XP, proxy=Proxy(), goog:chromeOptions={debuggerAddress=localhost:60410}, acceptInsecureCerts=false, browserVersion=76.0.3809.100, browserName=chrome, javascriptEnabled=true, platformName=XP, setWindowRect=true}]
Session ID: 92fb9b5227dbc94431b8852085935bbf
*** Element info: {Using=xpath, value=//*[contains(text(),'Continue Without Special Bonus')]}
2019-08-20 19:23:11 INFO  PropertiesCache:22 - java.io.BufferedInputStream@7c0e2abd
2019-08-20 19:23:11 INFO  PropertiesCache:23 - Read all the configurations from  file
2019-08-20 19:23:11 INFO  ExtentManager:92 - Directory already exists: D:\Software\Training\selenium\HonestFoodCompanySelenium\TestReport
2019-08-20 19:23:11 INFO  ExtentManager:73 - ExtentReport Path for WINDOWS: D:\Software\Training\selenium\HonestFoodCompanySelenium\TestReport

2019-08-20 19:23:11 INFO  TestBase:54 - :::::::::::::::::::: Launching webdriver ::::::::::::::::::::
2019-08-20 19:23:11 INFO  TestBase:70 -  =================================================== 
2019-08-20 19:23:11 INFO  TestBase:71 - Url is :: http://bet.unibet.co.uk
2019-08-20 19:23:11 INFO  TestBase:72 -  =================================================== 
2019-08-20 19:23:25 INFO  TestListener:33 - Test Suite started!
2019-08-20 19:23:29 INFO  TestBase:115 - Testcase name is :::::: testCaseOne
2019-08-20 19:23:29 INFO  TestBase:116 - testCaseOne Started ::::
2019-08-20 19:23:29 INFO  TestListener:77 - testCaseOne started!
2019-08-20 19:23:40 INFO  TestBase:93 - Exception occured while clicking on continueWithoutBonus button :: org.openqa.selenium.NoSuchElementException: no such element: Unable to locate element: {"method":"xpath","selector":"//*[contains(text(),'Continue Without Special Bonus')]"}
  (Session info: chrome=76.0.3809.100)
For documentation on this error, please visit: http://seleniumhq.org/exceptions/no_such_element.html
Build info: version: '3.6.0', revision: '6fbf3ec767', time: '2017-09-27T15:28:36.4Z'
System info: host: 'DESKTOP-I4QDLMG', ip: '192.168.43.108', os.name: 'Windows 10', os.arch: 'amd64', os.version: '10.0', java.version: '1.8.0_211'
Driver info: org.openqa.selenium.chrome.ChromeDriver
Capabilities [{networkConnectionEnabled=false, chrome={chromedriverVersion=75.0.3770.140 (2d9f97485c7b07dc18a74666574f19176731995c-refs/branch-heads/3770@{#1155}), userDataDir=C:\Users\Moh\AppData\Local\Temp\scoped_dir10548_10937}, timeouts={implicit=0, pageLoad=300000, script=30000}, pageLoadStrategy=normal, unhandledPromptBehavior=dismiss and notify, strictFileInteractability=false, platform=XP, proxy=Proxy(), goog:chromeOptions={debuggerAddress=localhost:61014}, acceptInsecureCerts=false, browserVersion=76.0.3809.100, browserName=chrome, javascriptEnabled=true, platformName=XP, setWindowRect=true}]
Session ID: 1ae7286f201a8d820e9439a87c6b1f7d
*** Element info: {Using=xpath, value=//*[contains(text(),'Continue Without Special Bonus')]}
2019-08-20 19:24:01 INFO  TestListener:89 - Test casetestCaseOne passed!
2019-08-20 19:24:01 INFO  TestBase:124 - Testcase execution completed :::::: testCaseOne
2019-08-20 19:24:01 INFO  TestBase:107 - Tests Ended from class :::::UbinetSampleTestCases
2019-08-20 19:24:01 INFO  TestListener:60 - Congrats, All test cases are passed
2019-08-20 19:24:01 INFO  TestListener:62 - Test Suite is ending!
2019-08-20 19:24:01 INFO  TestBase:131 - Logger Info:: Inside suiteEndReached Method
2019-08-20 19:24:01 INFO  TestBase:132 - Suite ended
2019-08-20 19:26:02 INFO  PropertiesCache:22 - java.io.BufferedInputStream@7c0e2abd
2019-08-20 19:26:02 INFO  PropertiesCache:23 - Read all the configurations from  file
2019-08-20 19:26:02 INFO  ExtentManager:92 - Directory already exists: D:\Software\Training\selenium\HonestFoodCompanySelenium\TestReport
2019-08-20 19:26:02 INFO  ExtentManager:73 - ExtentReport Path for WINDOWS: D:\Software\Training\selenium\HonestFoodCompanySelenium\TestReport

2019-08-20 19:26:02 INFO  TestBase:54 - :::::::::::::::::::: Launching webdriver ::::::::::::::::::::
2019-08-20 19:26:02 INFO  TestBase:70 -  =================================================== 
2019-08-20 19:26:02 INFO  TestBase:71 - Url is :: http://bet.unibet.co.uk
2019-08-20 19:26:02 INFO  TestBase:72 -  =================================================== 
2019-08-20 19:26:18 INFO  TestListener:33 - Test Suite started!
2019-08-20 19:26:22 INFO  TestBase:115 - Testcase name is :::::: testCaseOne
2019-08-20 19:26:22 INFO  TestBase:116 - testCaseOne Started ::::
2019-08-20 19:26:22 INFO  TestListener:77 - testCaseOne started!
2019-08-20 19:26:32 INFO  TestBase:93 - Exception occured while clicking on continueWithoutBonus button :: org.openqa.selenium.NoSuchElementException: no such element: Unable to locate element: {"method":"xpath","selector":"//*[contains(text(),'Continue Without Special Bonus')]"}
  (Session info: chrome=76.0.3809.100)
For documentation on this error, please visit: http://seleniumhq.org/exceptions/no_such_element.html
Build info: version: '3.6.0', revision: '6fbf3ec767', time: '2017-09-27T15:28:36.4Z'
System info: host: 'DESKTOP-I4QDLMG', ip: '192.168.43.108', os.name: 'Windows 10', os.arch: 'amd64', os.version: '10.0', java.version: '1.8.0_211'
Driver info: org.openqa.selenium.chrome.ChromeDriver
Capabilities [{networkConnectionEnabled=false, chrome={chromedriverVersion=75.0.3770.140 (2d9f97485c7b07dc18a74666574f19176731995c-refs/branch-heads/3770@{#1155}), userDataDir=C:\Users\Moh\AppData\Local\Temp\scoped_dir14680_3530}, timeouts={implicit=0, pageLoad=300000, script=30000}, pageLoadStrategy=normal, unhandledPromptBehavior=dismiss and notify, strictFileInteractability=false, platform=XP, proxy=Proxy(), goog:chromeOptions={debuggerAddress=localhost:61983}, acceptInsecureCerts=false, browserVersion=76.0.3809.100, browserName=chrome, javascriptEnabled=true, platformName=XP, setWindowRect=true}]
Session ID: 8760f6af5ede30324de1fb77824e775f
*** Element info: {Using=xpath, value=//*[contains(text(),'Continue Without Special Bonus')]}
2019-08-20 19:32:37 INFO  PropertiesCache:22 - java.io.BufferedInputStream@7c0e2abd
2019-08-20 19:32:37 INFO  PropertiesCache:23 - Read all the configurations from  file
2019-08-20 19:32:37 INFO  ExtentManager:92 - Directory already exists: D:\Software\Training\selenium\HonestFoodCompanySelenium\TestReport
2019-08-20 19:32:37 INFO  ExtentManager:73 - ExtentReport Path for WINDOWS: D:\Software\Training\selenium\HonestFoodCompanySelenium\TestReport

2019-08-20 19:32:37 INFO  TestBase:54 - :::::::::::::::::::: Launching webdriver ::::::::::::::::::::
2019-08-20 19:32:37 INFO  TestBase:70 -  =================================================== 
2019-08-20 19:32:37 INFO  TestBase:71 - Url is :: http://bet.unibet.co.uk
2019-08-20 19:32:37 INFO  TestBase:72 -  =================================================== 
2019-08-20 19:32:54 INFO  TestListener:33 - Test Suite started!
2019-08-20 19:32:58 INFO  TestBase:115 - Testcase name is :::::: testCaseOne
2019-08-20 19:32:58 INFO  TestBase:116 - testCaseOne Started ::::
2019-08-20 19:32:58 INFO  TestListener:77 - testCaseOne started!
2019-08-20 19:33:08 INFO  TestBase:93 - Exception occured while clicking on continueWithoutBonus button :: org.openqa.selenium.NoSuchElementException: no such element: Unable to locate element: {"method":"xpath","selector":"//*[contains(text(),'Continue Without Special Bonus')]"}
  (Session info: chrome=76.0.3809.100)
For documentation on this error, please visit: http://seleniumhq.org/exceptions/no_such_element.html
Build info: version: '3.6.0', revision: '6fbf3ec767', time: '2017-09-27T15:28:36.4Z'
System info: host: 'DESKTOP-I4QDLMG', ip: '192.168.43.108', os.name: 'Windows 10', os.arch: 'amd64', os.version: '10.0', java.version: '1.8.0_211'
Driver info: org.openqa.selenium.chrome.ChromeDriver
Capabilities [{networkConnectionEnabled=false, chrome={chromedriverVersion=75.0.3770.140 (2d9f97485c7b07dc18a74666574f19176731995c-refs/branch-heads/3770@{#1155}), userDataDir=C:\Users\Moh\AppData\Local\Temp\scoped_dir22616_9804}, timeouts={implicit=0, pageLoad=300000, script=30000}, pageLoadStrategy=normal, unhandledPromptBehavior=dismiss and notify, strictFileInteractability=false, platform=XP, proxy=Proxy(), goog:chromeOptions={debuggerAddress=localhost:64413}, acceptInsecureCerts=false, browserVersion=76.0.3809.100, browserName=chrome, javascriptEnabled=true, platformName=XP, setWindowRect=true}]
Session ID: 76089e71865b369b01642d94c0da2b42
*** Element info: {Using=xpath, value=//*[contains(text(),'Continue Without Special Bonus')]}
2019-08-20 19:33:32 INFO  TestListener:89 - Test casetestCaseOne passed!
2019-08-20 19:33:32 INFO  TestBase:124 - Testcase execution completed :::::: testCaseOne
2019-08-20 19:33:32 INFO  TestBase:107 - Tests Ended from class :::::UbinetSampleTestCases
2019-08-20 19:33:32 INFO  TestListener:60 - Congrats, All test cases are passed
2019-08-20 19:33:32 INFO  TestListener:62 - Test Suite is ending!
2019-08-20 19:33:32 INFO  TestBase:131 - Logger Info:: Inside suiteEndReached Method
2019-08-20 19:33:32 INFO  TestBase:132 - Suite ended
2019-08-20 19:34:21 INFO  PropertiesCache:22 - java.io.BufferedInputStream@7c0e2abd
2019-08-20 19:34:21 INFO  PropertiesCache:23 - Read all the configurations from  file
2019-08-20 19:34:21 INFO  ExtentManager:92 - Directory already exists: D:\Software\Training\selenium\HonestFoodCompanySelenium\TestReport
2019-08-20 19:34:21 INFO  ExtentManager:73 - ExtentReport Path for WINDOWS: D:\Software\Training\selenium\HonestFoodCompanySelenium\TestReport

2019-08-20 19:34:21 INFO  TestBase:54 - :::::::::::::::::::: Launching webdriver ::::::::::::::::::::
2019-08-20 19:34:21 INFO  TestBase:70 -  =================================================== 
2019-08-20 19:34:21 INFO  TestBase:71 - Url is :: http://bet.unibet.co.uk
2019-08-20 19:34:21 INFO  TestBase:72 -  =================================================== 
2019-08-20 19:34:42 INFO  TestListener:33 - Test Suite started!
2019-08-20 19:34:46 INFO  TestBase:115 - Testcase name is :::::: testCaseOne
2019-08-20 19:34:46 INFO  TestBase:116 - testCaseOne Started ::::
2019-08-20 19:34:46 INFO  TestListener:77 - testCaseOne started!
2019-08-20 19:34:57 INFO  TestBase:93 - Exception occured while clicking on continueWithoutBonus button :: org.openqa.selenium.NoSuchElementException: no such element: Unable to locate element: {"method":"xpath","selector":"//*[contains(text(),'Continue Without Special Bonus')]"}
  (Session info: chrome=76.0.3809.100)
For documentation on this error, please visit: http://seleniumhq.org/exceptions/no_such_element.html
Build info: version: '3.6.0', revision: '6fbf3ec767', time: '2017-09-27T15:28:36.4Z'
System info: host: 'DESKTOP-I4QDLMG', ip: '192.168.43.108', os.name: 'Windows 10', os.arch: 'amd64', os.version: '10.0', java.version: '1.8.0_211'
Driver info: org.openqa.selenium.chrome.ChromeDriver
Capabilities [{networkConnectionEnabled=false, chrome={chromedriverVersion=75.0.3770.140 (2d9f97485c7b07dc18a74666574f19176731995c-refs/branch-heads/3770@{#1155}), userDataDir=C:\Users\Moh\AppData\Local\Temp\scoped_dir30628_2169}, timeouts={implicit=0, pageLoad=300000, script=30000}, pageLoadStrategy=normal, unhandledPromptBehavior=dismiss and notify, strictFileInteractability=false, platform=XP, proxy=Proxy(), goog:chromeOptions={debuggerAddress=localhost:65158}, acceptInsecureCerts=false, browserVersion=76.0.3809.100, browserName=chrome, javascriptEnabled=true, platformName=XP, setWindowRect=true}]
Session ID: 2178044732569dd8c8ed5e9ceb11c88a
*** Element info: {Using=xpath, value=//*[contains(text(),'Continue Without Special Bonus')]}
2019-08-20 19:35:21 INFO  TestListener:89 - Test casetestCaseOne passed!
2019-08-20 19:35:21 INFO  TestBase:124 - Testcase execution completed :::::: testCaseOne
2019-08-20 19:35:21 INFO  TestBase:107 - Tests Ended from class :::::UbinetSampleTestCases
2019-08-20 19:35:21 INFO  TestListener:60 - Congrats, All test cases are passed
2019-08-20 19:35:21 INFO  TestListener:62 - Test Suite is ending!
2019-08-20 19:35:21 INFO  TestBase:131 - Logger Info:: Inside suiteEndReached Method
2019-08-20 19:35:21 INFO  TestBase:132 - Suite ended
2019-08-20 19:46:57 INFO  PropertiesCache:22 - java.io.BufferedInputStream@7c0e2abd
2019-08-20 19:46:57 INFO  PropertiesCache:23 - Read all the configurations from  file
2019-08-20 19:46:57 INFO  ExtentManager:92 - Directory already exists: D:\Software\Training\selenium\HonestFoodCompanySelenium\TestReport
2019-08-20 19:46:57 INFO  ExtentManager:73 - ExtentReport Path for WINDOWS: D:\Software\Training\selenium\HonestFoodCompanySelenium\TestReport

2019-08-20 19:46:58 INFO  TestBase:54 - :::::::::::::::::::: Launching webdriver ::::::::::::::::::::
2019-08-20 19:46:58 INFO  TestBase:70 -  =================================================== 
2019-08-20 19:46:58 INFO  TestBase:71 - Url is :: http://bet.unibet.co.uk
2019-08-20 19:46:58 INFO  TestBase:72 -  =================================================== 
2019-08-20 19:47:14 INFO  TestListener:33 - Test Suite started!
2019-08-20 19:47:18 INFO  TestBase:115 - Testcase name is :::::: testCaseOne
2019-08-20 19:47:18 INFO  TestBase:116 - testCaseOne Started ::::
2019-08-20 19:47:18 INFO  TestListener:77 - testCaseOne started!
2019-08-20 19:47:28 INFO  TestBase:93 - Exception occured while clicking on continueWithoutBonus button :: org.openqa.selenium.NoSuchElementException: no such element: Unable to locate element: {"method":"xpath","selector":"//*[contains(text(),'Continue Without Special Bonus')]"}
  (Session info: chrome=76.0.3809.100)
For documentation on this error, please visit: http://seleniumhq.org/exceptions/no_such_element.html
Build info: version: '3.6.0', revision: '6fbf3ec767', time: '2017-09-27T15:28:36.4Z'
System info: host: 'DESKTOP-I4QDLMG', ip: '192.168.43.108', os.name: 'Windows 10', os.arch: 'amd64', os.version: '10.0', java.version: '1.8.0_211'
Driver info: org.openqa.selenium.chrome.ChromeDriver
Capabilities [{networkConnectionEnabled=false, chrome={chromedriverVersion=75.0.3770.140 (2d9f97485c7b07dc18a74666574f19176731995c-refs/branch-heads/3770@{#1155}), userDataDir=C:\Users\Moh\AppData\Local\Temp\scoped_dir14516_4463}, timeouts={implicit=0, pageLoad=300000, script=30000}, pageLoadStrategy=normal, unhandledPromptBehavior=dismiss and notify, strictFileInteractability=false, platform=XP, proxy=Proxy(), goog:chromeOptions={debuggerAddress=localhost:52509}, acceptInsecureCerts=false, browserVersion=76.0.3809.100, browserName=chrome, javascriptEnabled=true, platformName=XP, setWindowRect=true}]
Session ID: 9f4a2531ae205139704af0afeb978ec8
*** Element info: {Using=xpath, value=//*[contains(text(),'Continue Without Special Bonus')]}
2019-08-20 19:47:44 INFO  TestListener:89 - Test casetestCaseOne passed!
2019-08-20 19:47:44 INFO  TestBase:124 - Testcase execution completed :::::: testCaseOne
2019-08-20 19:47:44 INFO  TestBase:107 - Tests Ended from class :::::UbinetSampleTestCases
2019-08-20 19:47:44 INFO  TestListener:60 - Congrats, All test cases are passed
2019-08-20 19:47:44 INFO  TestListener:62 - Test Suite is ending!
2019-08-20 19:47:44 INFO  TestBase:131 - Logger Info:: Inside suiteEndReached Method
2019-08-20 19:47:44 INFO  TestBase:132 - Suite ended
2019-08-20 19:48:32 INFO  PropertiesCache:22 - java.io.BufferedInputStream@7c0e2abd
2019-08-20 19:48:32 INFO  PropertiesCache:23 - Read all the configurations from  file
2019-08-20 19:48:32 INFO  ExtentManager:92 - Directory already exists: D:\Software\Training\selenium\HonestFoodCompanySelenium\TestReport
2019-08-20 19:48:32 INFO  ExtentManager:73 - ExtentReport Path for WINDOWS: D:\Software\Training\selenium\HonestFoodCompanySelenium\TestReport

2019-08-20 19:48:33 INFO  TestBase:54 - :::::::::::::::::::: Launching webdriver ::::::::::::::::::::
2019-08-20 19:48:33 INFO  TestBase:70 -  =================================================== 
2019-08-20 19:48:33 INFO  TestBase:71 - Url is :: http://bet.unibet.co.uk
2019-08-20 19:48:33 INFO  TestBase:72 -  =================================================== 
2019-08-20 19:48:49 INFO  TestListener:33 - Test Suite started!
2019-08-20 19:48:53 INFO  TestBase:115 - Testcase name is :::::: testCaseOne
2019-08-20 19:48:53 INFO  TestBase:116 - testCaseOne Started ::::
2019-08-20 19:48:53 INFO  TestListener:77 - testCaseOne started!
2019-08-20 19:49:03 INFO  TestBase:93 - Exception occured while clicking on continueWithoutBonus button :: org.openqa.selenium.NoSuchElementException: no such element: Unable to locate element: {"method":"xpath","selector":"//*[contains(text(),'Continue Without Special Bonus')]"}
  (Session info: chrome=76.0.3809.100)
For documentation on this error, please visit: http://seleniumhq.org/exceptions/no_such_element.html
Build info: version: '3.6.0', revision: '6fbf3ec767', time: '2017-09-27T15:28:36.4Z'
System info: host: 'DESKTOP-I4QDLMG', ip: '192.168.43.108', os.name: 'Windows 10', os.arch: 'amd64', os.version: '10.0', java.version: '1.8.0_211'
Driver info: org.openqa.selenium.chrome.ChromeDriver
Capabilities [{networkConnectionEnabled=false, chrome={chromedriverVersion=75.0.3770.140 (2d9f97485c7b07dc18a74666574f19176731995c-refs/branch-heads/3770@{#1155}), userDataDir=C:\Users\Moh\AppData\Local\Temp\scoped_dir24832_30959}, timeouts={implicit=0, pageLoad=300000, script=30000}, pageLoadStrategy=normal, unhandledPromptBehavior=dismiss and notify, strictFileInteractability=false, platform=XP, proxy=Proxy(), goog:chromeOptions={debuggerAddress=localhost:53150}, acceptInsecureCerts=false, browserVersion=76.0.3809.100, browserName=chrome, javascriptEnabled=true, platformName=XP, setWindowRect=true}]
Session ID: c10dd82de85446b10224c85eb0bcec24
*** Element info: {Using=xpath, value=//*[contains(text(),'Continue Without Special Bonus')]}
2019-08-20 19:49:18 INFO  TestBase:378 - Search keyword found .....
2019-08-20 19:49:18 INFO  TestBase:378 - Search keyword found .....
2019-08-20 19:49:18 INFO  TestBase:378 - Search keyword found .....
2019-08-20 19:49:18 INFO  TestBase:378 - Search keyword found .....
2019-08-20 19:49:18 INFO  TestBase:378 - Search keyword found .....
2019-08-20 19:49:18 INFO  TestBase:378 - Search keyword found .....
2019-08-20 19:49:18 INFO  TestBase:378 - Search keyword found .....
2019-08-20 19:49:18 INFO  TestBase:378 - Search keyword found .....
2019-08-20 19:49:18 INFO  TestBase:378 - Search keyword found .....
2019-08-20 19:49:18 INFO  TestBase:378 - Search keyword found .....
2019-08-20 19:49:18 INFO  TestBase:378 - Search keyword found .....
2019-08-20 19:49:18 INFO  TestBase:378 - Search keyword found .....
2019-08-20 19:49:18 INFO  TestBase:378 - Search keyword found .....
2019-08-20 19:49:18 INFO  TestBase:378 - Search keyword found .....
2019-08-20 19:49:18 INFO  TestBase:378 - Search keyword found .....
2019-08-20 19:49:18 INFO  TestBase:378 - Search keyword found .....
2019-08-20 19:49:18 INFO  TestBase:378 - Search keyword found .....
2019-08-20 19:49:18 INFO  TestBase:378 - Search keyword found .....
2019-08-20 19:49:18 INFO  TestBase:378 - Search keyword found .....
2019-08-20 19:49:18 INFO  TestBase:378 - Search keyword found .....
2019-08-20 19:49:18 INFO  TestBase:378 - Search keyword found .....
2019-08-20 19:49:18 INFO  TestBase:378 - Search keyword found .....
2019-08-20 19:49:18 INFO  TestBase:378 - Search keyword found .....
2019-08-20 19:49:18 INFO  TestBase:378 - Search keyword found .....
2019-08-20 19:49:18 INFO  TestBase:378 - Search keyword found .....
2019-08-20 19:49:18 INFO  TestBase:378 - Search keyword found .....
2019-08-20 19:49:18 INFO  TestBase:378 - Search keyword found .....
2019-08-20 19:49:18 INFO  TestBase:378 - Search keyword found .....
2019-08-20 19:49:18 INFO  TestBase:378 - Search keyword found .....
2019-08-20 19:49:18 INFO  TestBase:378 - Search keyword found .....
2019-08-20 19:49:18 INFO  TestBase:378 - Search keyword found .....
2019-08-20 19:49:18 INFO  TestBase:378 - Search keyword found .....
2019-08-20 19:49:18 INFO  TestBase:378 - Search keyword found .....
2019-08-20 19:49:18 INFO  TestBase:378 - Search keyword found .....
2019-08-20 19:49:18 INFO  TestBase:378 - Search keyword found .....
2019-08-20 19:49:18 INFO  TestBase:378 - Search keyword found .....
2019-08-20 19:49:18 INFO  TestBase:378 - Search keyword found .....
2019-08-20 19:49:18 INFO  TestBase:378 - Search keyword found .....
2019-08-20 19:49:18 INFO  TestBase:378 - Search keyword found .....
2019-08-20 19:49:18 INFO  TestBase:378 - Search keyword found .....
2019-08-20 19:49:18 INFO  TestBase:378 - Search keyword found .....
2019-08-20 19:49:18 INFO  TestBase:378 - Search keyword found .....
2019-08-20 19:49:18 INFO  TestBase:378 - Search keyword found .....
2019-08-20 19:49:18 INFO  TestBase:378 - Search keyword found .....
2019-08-20 19:49:18 INFO  TestBase:378 - Search keyword found .....
2019-08-20 19:49:18 INFO  TestBase:378 - Search keyword found .....
2019-08-20 19:49:18 INFO  TestBase:378 - Search keyword found .....
2019-08-20 19:49:18 INFO  TestBase:378 - Search keyword found .....
2019-08-20 19:49:18 INFO  TestBase:378 - Search keyword found .....
2019-08-20 19:49:18 INFO  TestBase:378 - Search keyword found .....
2019-08-20 19:49:18 INFO  TestBase:378 - Search keyword found .....
2019-08-20 19:49:18 INFO  TestBase:378 - Search keyword found .....
2019-08-20 19:49:18 INFO  TestBase:378 - Search keyword found .....
2019-08-20 19:49:18 INFO  TestBase:378 - Search keyword found .....
2019-08-20 19:49:18 INFO  TestBase:378 - Search keyword found .....
2019-08-20 19:49:18 INFO  TestBase:378 - Search keyword found .....
2019-08-20 19:49:18 INFO  TestBase:378 - Search keyword found .....
2019-08-20 19:49:18 INFO  TestListener:89 - Test casetestCaseOne passed!
2019-08-20 19:49:18 INFO  TestBase:124 - Testcase execution completed :::::: testCaseOne
2019-08-20 19:49:18 INFO  TestBase:107 - Tests Ended from class :::::UbinetSampleTestCases
2019-08-20 19:49:18 INFO  TestListener:60 - Congrats, All test cases are passed
2019-08-20 19:49:18 INFO  TestListener:62 - Test Suite is ending!
2019-08-20 19:49:19 INFO  TestBase:131 - Logger Info:: Inside suiteEndReached Method
2019-08-20 19:49:19 INFO  TestBase:132 - Suite ended
2019-08-20 20:02:06 INFO  PropertiesCache:22 - java.io.BufferedInputStream@7c0e2abd
2019-08-20 20:02:06 INFO  PropertiesCache:23 - Read all the configurations from  file
2019-08-20 20:02:06 INFO  ExtentManager:92 - Directory already exists: D:\Software\Training\selenium\HonestFoodCompanySelenium\TestReport
2019-08-20 20:02:06 INFO  ExtentManager:73 - ExtentReport Path for WINDOWS: D:\Software\Training\selenium\HonestFoodCompanySelenium\TestReport

2019-08-20 20:02:06 INFO  TestBase:54 - :::::::::::::::::::: Launching webdriver ::::::::::::::::::::
2019-08-20 20:02:06 INFO  TestBase:70 -  =================================================== 
2019-08-20 20:02:06 INFO  TestBase:71 - Url is :: http://bet.unibet.co.uk
2019-08-20 20:02:06 INFO  TestBase:72 -  =================================================== 
2019-08-20 20:02:22 INFO  TestListener:33 - Test Suite started!
2019-08-20 20:02:24 INFO  TestBase:115 - Testcase name is :::::: testCaseOne
2019-08-20 20:02:24 INFO  TestBase:116 - testCaseOne Started ::::
2019-08-20 20:02:24 INFO  TestListener:77 - testCaseOne started!
2019-08-20 20:02:35 INFO  TestBase:90 - Exception occured while clicking on continueWithoutBonus button :: org.openqa.selenium.NoSuchElementException: no such element: Unable to locate element: {"method":"xpath","selector":"//*[contains(text(),'Continue Without Special Bonus')]"}
  (Session info: chrome=76.0.3809.100)
For documentation on this error, please visit: http://seleniumhq.org/exceptions/no_such_element.html
Build info: version: '3.6.0', revision: '6fbf3ec767', time: '2017-09-27T15:28:36.4Z'
System info: host: 'DESKTOP-I4QDLMG', ip: '192.168.43.108', os.name: 'Windows 10', os.arch: 'amd64', os.version: '10.0', java.version: '1.8.0_211'
Driver info: org.openqa.selenium.chrome.ChromeDriver
Capabilities [{networkConnectionEnabled=false, chrome={chromedriverVersion=75.0.3770.140 (2d9f97485c7b07dc18a74666574f19176731995c-refs/branch-heads/3770@{#1155}), userDataDir=C:\Users\Moh\AppData\Local\Temp\scoped_dir29164_17544}, timeouts={implicit=0, pageLoad=300000, script=30000}, pageLoadStrategy=normal, unhandledPromptBehavior=dismiss and notify, strictFileInteractability=false, platform=XP, proxy=Proxy(), goog:chromeOptions={debuggerAddress=localhost:58304}, acceptInsecureCerts=false, browserVersion=76.0.3809.100, browserName=chrome, javascriptEnabled=true, platformName=XP, setWindowRect=true}]
Session ID: 16d54482ab864cd7049cb9b9d6d80e3d
*** Element info: {Using=xpath, value=//*[contains(text(),'Continue Without Special Bonus')]}
2019-08-20 20:02:45 INFO  TestBase:378 - Search keyword found .....
2019-08-20 20:02:45 INFO  TestBase:378 - Search keyword found .....
2019-08-20 20:02:45 INFO  TestBase:378 - Search keyword found .....
2019-08-20 20:02:45 INFO  TestBase:378 - Search keyword found .....
2019-08-20 20:02:45 INFO  TestBase:378 - Search keyword found .....
2019-08-20 20:02:45 INFO  TestBase:378 - Search keyword found .....
2019-08-20 20:02:45 INFO  TestBase:378 - Search keyword found .....
2019-08-20 20:02:45 INFO  TestBase:378 - Search keyword found .....
2019-08-20 20:02:45 INFO  TestBase:378 - Search keyword found .....
2019-08-20 20:02:45 INFO  TestBase:378 - Search keyword found .....
2019-08-20 20:02:45 INFO  TestBase:378 - Search keyword found .....
2019-08-20 20:02:45 INFO  TestBase:378 - Search keyword found .....
2019-08-20 20:02:45 INFO  TestBase:378 - Search keyword found .....
2019-08-20 20:02:45 INFO  TestBase:378 - Search keyword found .....
2019-08-20 20:02:45 INFO  TestBase:378 - Search keyword found .....
2019-08-20 20:02:45 INFO  TestBase:378 - Search keyword found .....
2019-08-20 20:02:45 INFO  TestBase:378 - Search keyword found .....
2019-08-20 20:02:45 INFO  TestBase:378 - Search keyword found .....
2019-08-20 20:02:45 INFO  TestBase:378 - Search keyword found .....
2019-08-20 20:02:45 INFO  TestBase:378 - Search keyword found .....
2019-08-20 20:02:45 INFO  TestBase:378 - Search keyword found .....
2019-08-20 20:02:45 INFO  TestBase:378 - Search keyword found .....
2019-08-20 20:02:45 INFO  TestBase:378 - Search keyword found .....
2019-08-20 20:02:45 INFO  TestBase:378 - Search keyword found .....
2019-08-20 20:02:45 INFO  TestBase:378 - Search keyword found .....
2019-08-20 20:02:45 INFO  TestBase:378 - Search keyword found .....
2019-08-20 20:02:45 INFO  TestBase:378 - Search keyword found .....
2019-08-20 20:02:45 INFO  TestBase:378 - Search keyword found .....
2019-08-20 20:02:45 INFO  TestBase:378 - Search keyword found .....
2019-08-20 20:02:45 INFO  TestBase:378 - Search keyword found .....
2019-08-20 20:02:45 INFO  TestBase:378 - Search keyword found .....
2019-08-20 20:02:45 INFO  TestBase:378 - Search keyword found .....
2019-08-20 20:02:45 INFO  TestBase:378 - Search keyword found .....
2019-08-20 20:02:45 INFO  TestBase:378 - Search keyword found .....
2019-08-20 20:02:45 INFO  TestBase:378 - Search keyword found .....
2019-08-20 20:02:45 INFO  TestBase:378 - Search keyword found .....
2019-08-20 20:02:45 INFO  TestBase:378 - Search keyword found .....
2019-08-20 20:02:45 INFO  TestBase:378 - Search keyword found .....
2019-08-20 20:02:45 INFO  TestBase:378 - Search keyword found .....
2019-08-20 20:02:45 INFO  TestBase:378 - Search keyword found .....
2019-08-20 20:02:45 INFO  TestBase:378 - Search keyword found .....
2019-08-20 20:02:45 INFO  TestBase:378 - Search keyword found .....
2019-08-20 20:02:45 INFO  TestBase:378 - Search keyword found .....
2019-08-20 20:02:45 INFO  TestBase:378 - Search keyword found .....
2019-08-20 20:02:45 INFO  TestBase:378 - Search keyword found .....
2019-08-20 20:02:45 INFO  TestBase:378 - Search keyword found .....
2019-08-20 20:02:45 INFO  TestBase:378 - Search keyword found .....
2019-08-20 20:02:45 INFO  TestBase:378 - Search keyword found .....
2019-08-20 20:02:45 INFO  TestBase:378 - Search keyword found .....
2019-08-20 20:02:45 INFO  TestBase:378 - Search keyword found .....
2019-08-20 20:02:45 INFO  TestBase:378 - Search keyword found .....
2019-08-20 20:02:45 INFO  TestBase:378 - Search keyword found .....
2019-08-20 20:02:45 INFO  TestBase:378 - Search keyword found .....
2019-08-20 20:02:45 INFO  TestBase:378 - Search keyword found .....
2019-08-20 20:02:45 INFO  TestBase:378 - Search keyword found .....
2019-08-20 20:02:45 INFO  TestBase:378 - Search keyword found .....
2019-08-20 20:02:45 INFO  TestBase:378 - Search keyword found .....
2019-08-20 20:02:45 INFO  TestListener:89 - Test casetestCaseOne passed!
2019-08-20 20:02:45 INFO  TestBase:124 - Testcase execution completed :::::: testCaseOne
2019-08-20 20:02:45 INFO  TestBase:115 - Testcase name is :::::: testCaseTwo
2019-08-20 20:02:45 INFO  TestBase:116 - testCaseTwo Started ::::
2019-08-20 20:02:45 INFO  TestListener:77 - testCaseTwo started!
2019-08-20 20:02:49 INFO  TestBase:378 - Search keyword found .....
2019-08-20 20:02:49 INFO  TestBase:378 - Search keyword found .....
2019-08-20 20:02:49 INFO  TestBase:378 - Search keyword found .....
2019-08-20 20:02:49 INFO  TestBase:378 - Search keyword found .....
2019-08-20 20:02:49 INFO  TestBase:378 - Search keyword found .....
2019-08-20 20:02:49 INFO  TestBase:378 - Search keyword found .....
2019-08-20 20:02:49 INFO  TestBase:378 - Search keyword found .....
2019-08-20 20:02:49 INFO  TestBase:378 - Search keyword found .....
2019-08-20 20:02:49 INFO  TestBase:378 - Search keyword found .....
2019-08-20 20:02:49 INFO  TestBase:378 - Search keyword found .....
2019-08-20 20:02:49 INFO  TestListener:89 - Test casetestCaseTwo passed!
2019-08-20 20:02:49 INFO  TestBase:124 - Testcase execution completed :::::: testCaseTwo
2019-08-20 20:02:49 INFO  TestBase:107 - Tests Ended from class :::::UbinetSampleTestCases
2019-08-20 20:02:49 INFO  TestListener:60 - Congrats, All test cases are passed
2019-08-20 20:02:49 INFO  TestListener:62 - Test Suite is ending!
2019-08-20 20:02:49 INFO  TestBase:131 - Logger Info:: Inside suiteEndReached Method
2019-08-20 20:02:49 INFO  TestBase:132 - Suite ended
2019-08-20 20:04:57 INFO  PropertiesCache:22 - java.io.BufferedInputStream@7c0e2abd
2019-08-20 20:04:57 INFO  PropertiesCache:23 - Read all the configurations from  file
2019-08-20 20:04:57 INFO  ExtentManager:92 - Directory already exists: D:\Software\Training\selenium\HonestFoodCompanySelenium\TestReport
2019-08-20 20:04:57 INFO  ExtentManager:73 - ExtentReport Path for WINDOWS: D:\Software\Training\selenium\HonestFoodCompanySelenium\TestReport

2019-08-20 20:04:57 INFO  TestBase:54 - :::::::::::::::::::: Launching webdriver ::::::::::::::::::::
2019-08-20 20:04:57 INFO  TestBase:70 -  =================================================== 
2019-08-20 20:04:57 INFO  TestBase:71 - Url is :: http://bet.unibet.co.uk
2019-08-20 20:04:57 INFO  TestBase:72 -  =================================================== 
2019-08-20 20:05:15 INFO  TestListener:33 - Test Suite started!
2019-08-20 20:05:18 INFO  TestBase:115 - Testcase name is :::::: testCaseOne
2019-08-20 20:05:18 INFO  TestBase:116 - testCaseOne Started ::::
2019-08-20 20:05:18 INFO  TestListener:77 - testCaseOne started!
2019-08-20 20:05:28 INFO  TestBase:90 - Exception occured while clicking on continueWithoutBonus button :: org.openqa.selenium.NoSuchElementException: no such element: Unable to locate element: {"method":"xpath","selector":"//*[contains(text(),'Continue Without Special Bonus')]"}
  (Session info: chrome=76.0.3809.100)
For documentation on this error, please visit: http://seleniumhq.org/exceptions/no_such_element.html
Build info: version: '3.6.0', revision: '6fbf3ec767', time: '2017-09-27T15:28:36.4Z'
System info: host: 'DESKTOP-I4QDLMG', ip: '192.168.43.108', os.name: 'Windows 10', os.arch: 'amd64', os.version: '10.0', java.version: '1.8.0_211'
Driver info: org.openqa.selenium.chrome.ChromeDriver
Capabilities [{networkConnectionEnabled=false, chrome={chromedriverVersion=75.0.3770.140 (2d9f97485c7b07dc18a74666574f19176731995c-refs/branch-heads/3770@{#1155}), userDataDir=C:\Users\Moh\AppData\Local\Temp\scoped_dir21600_2383}, timeouts={implicit=0, pageLoad=300000, script=30000}, pageLoadStrategy=normal, unhandledPromptBehavior=dismiss and notify, strictFileInteractability=false, platform=XP, proxy=Proxy(), goog:chromeOptions={debuggerAddress=localhost:59368}, acceptInsecureCerts=false, browserVersion=76.0.3809.100, browserName=chrome, javascriptEnabled=true, platformName=XP, setWindowRect=true}]
Session ID: 306f99d20aa015d489b818350e3b2988
*** Element info: {Using=xpath, value=//*[contains(text(),'Continue Without Special Bonus')]}
2019-08-20 20:05:38 INFO  TestBase:378 - Search keyword found .....
2019-08-20 20:05:38 INFO  TestBase:378 - Search keyword found .....
2019-08-20 20:05:38 INFO  TestBase:378 - Search keyword found .....
2019-08-20 20:05:38 INFO  TestBase:378 - Search keyword found .....
2019-08-20 20:05:38 INFO  TestBase:378 - Search keyword found .....
2019-08-20 20:05:38 INFO  TestBase:378 - Search keyword found .....
2019-08-20 20:05:38 INFO  TestBase:378 - Search keyword found .....
2019-08-20 20:05:38 INFO  TestBase:378 - Search keyword found .....
2019-08-20 20:05:38 INFO  TestBase:378 - Search keyword found .....
2019-08-20 20:05:38 INFO  TestBase:378 - Search keyword found .....
2019-08-20 20:05:38 INFO  TestBase:378 - Search keyword found .....
2019-08-20 20:05:38 INFO  TestBase:378 - Search keyword found .....
2019-08-20 20:05:38 INFO  TestBase:378 - Search keyword found .....
2019-08-20 20:05:38 INFO  TestBase:378 - Search keyword found .....
2019-08-20 20:05:38 INFO  TestBase:378 - Search keyword found .....
2019-08-20 20:05:38 INFO  TestBase:378 - Search keyword found .....
2019-08-20 20:05:38 INFO  TestBase:378 - Search keyword found .....
2019-08-20 20:05:38 INFO  TestBase:378 - Search keyword found .....
2019-08-20 20:05:38 INFO  TestBase:378 - Search keyword found .....
2019-08-20 20:05:38 INFO  TestBase:378 - Search keyword found .....
2019-08-20 20:05:38 INFO  TestBase:378 - Search keyword found .....
2019-08-20 20:05:38 INFO  TestBase:378 - Search keyword found .....
2019-08-20 20:05:38 INFO  TestBase:378 - Search keyword found .....
2019-08-20 20:05:38 INFO  TestBase:378 - Search keyword found .....
2019-08-20 20:05:38 INFO  TestBase:378 - Search keyword found .....
2019-08-20 20:05:38 INFO  TestBase:378 - Search keyword found .....
2019-08-20 20:05:38 INFO  TestBase:378 - Search keyword found .....
2019-08-20 20:05:38 INFO  TestBase:378 - Search keyword found .....
2019-08-20 20:05:38 INFO  TestBase:378 - Search keyword found .....
2019-08-20 20:05:38 INFO  TestBase:378 - Search keyword found .....
2019-08-20 20:05:38 INFO  TestBase:378 - Search keyword found .....
2019-08-20 20:05:38 INFO  TestBase:378 - Search keyword found .....
2019-08-20 20:05:38 INFO  TestBase:378 - Search keyword found .....
2019-08-20 20:05:38 INFO  TestBase:378 - Search keyword found .....
2019-08-20 20:05:38 INFO  TestBase:378 - Search keyword found .....
2019-08-20 20:05:38 INFO  TestBase:378 - Search keyword found .....
2019-08-20 20:05:38 INFO  TestBase:378 - Search keyword found .....
2019-08-20 20:05:38 INFO  TestBase:378 - Search keyword found .....
2019-08-20 20:05:38 INFO  TestBase:378 - Search keyword found .....
2019-08-20 20:05:38 INFO  TestBase:378 - Search keyword found .....
2019-08-20 20:05:38 INFO  TestBase:378 - Search keyword found .....
2019-08-20 20:05:38 INFO  TestBase:378 - Search keyword found .....
2019-08-20 20:05:38 INFO  TestBase:378 - Search keyword found .....
2019-08-20 20:05:38 INFO  TestBase:378 - Search keyword found .....
2019-08-20 20:05:38 INFO  TestBase:378 - Search keyword found .....
2019-08-20 20:05:38 INFO  TestBase:378 - Search keyword found .....
2019-08-20 20:05:38 INFO  TestBase:378 - Search keyword found .....
2019-08-20 20:05:38 INFO  TestBase:378 - Search keyword found .....
2019-08-20 20:05:38 INFO  TestBase:378 - Search keyword found .....
2019-08-20 20:05:38 INFO  TestBase:378 - Search keyword found .....
2019-08-20 20:05:38 INFO  TestBase:378 - Search keyword found .....
2019-08-20 20:05:38 INFO  TestBase:378 - Search keyword found .....
2019-08-20 20:05:38 INFO  TestBase:378 - Search keyword found .....
2019-08-20 20:05:38 INFO  TestBase:378 - Search keyword found .....
2019-08-20 20:05:38 INFO  TestBase:378 - Search keyword found .....
2019-08-20 20:05:38 INFO  TestBase:378 - Search keyword found .....
2019-08-20 20:05:38 INFO  TestBase:378 - Search keyword found .....
2019-08-20 20:05:38 INFO  TestListener:89 - Test casetestCaseOne passed!
2019-08-20 20:05:38 INFO  TestBase:124 - Testcase execution completed :::::: testCaseOne
2019-08-20 20:05:38 INFO  TestBase:115 - Testcase name is :::::: testCaseTwo
2019-08-20 20:05:38 INFO  TestBase:116 - testCaseTwo Started ::::
2019-08-20 20:05:38 INFO  TestListener:77 - testCaseTwo started!
2019-08-20 20:05:47 INFO  TestBase:378 - Search keyword found .....
2019-08-20 20:05:47 INFO  TestBase:378 - Search keyword found .....
2019-08-20 20:05:47 INFO  TestBase:378 - Search keyword found .....
2019-08-20 20:05:47 INFO  TestBase:378 - Search keyword found .....
2019-08-20 20:05:47 INFO  TestBase:378 - Search keyword found .....
2019-08-20 20:05:47 INFO  TestBase:378 - Search keyword found .....
2019-08-20 20:05:47 INFO  TestBase:378 - Search keyword found .....
2019-08-20 20:05:47 INFO  TestBase:378 - Search keyword found .....
2019-08-20 20:05:47 INFO  TestBase:378 - Search keyword found .....
2019-08-20 20:05:47 INFO  TestBase:378 - Search keyword found .....
2019-08-20 20:05:47 INFO  TestBase:378 - Search keyword found .....
2019-08-20 20:05:47 INFO  TestBase:378 - Search keyword found .....
2019-08-20 20:05:47 INFO  TestBase:378 - Search keyword found .....
2019-08-20 20:05:47 INFO  TestBase:378 - Search keyword found .....
2019-08-20 20:05:47 INFO  TestBase:378 - Search keyword found .....
2019-08-20 20:05:47 INFO  TestBase:378 - Search keyword found .....
2019-08-20 20:05:47 INFO  TestBase:378 - Search keyword found .....
2019-08-20 20:05:47 INFO  TestBase:378 - Search keyword found .....
2019-08-20 20:05:47 INFO  TestBase:378 - Search keyword found .....
2019-08-20 20:05:47 INFO  TestBase:378 - Search keyword found .....
2019-08-20 20:05:47 INFO  TestBase:378 - Search keyword found .....
2019-08-20 20:05:47 INFO  TestBase:378 - Search keyword found .....
2019-08-20 20:05:47 INFO  TestBase:378 - Search keyword found .....
2019-08-20 20:05:47 INFO  TestBase:378 - Search keyword found .....
2019-08-20 20:05:47 INFO  TestBase:378 - Search keyword found .....
2019-08-20 20:05:47 INFO  TestBase:378 - Search keyword found .....
2019-08-20 20:05:47 INFO  TestBase:378 - Search keyword found .....
2019-08-20 20:05:47 INFO  TestBase:378 - Search keyword found .....
2019-08-20 20:05:47 INFO  TestBase:378 - Search keyword found .....
2019-08-20 20:05:47 INFO  TestBase:378 - Search keyword found .....
2019-08-20 20:05:47 INFO  TestBase:378 - Search keyword found .....
2019-08-20 20:05:47 INFO  TestBase:378 - Search keyword found .....
2019-08-20 20:05:47 INFO  TestBase:378 - Search keyword found .....
2019-08-20 20:05:47 INFO  TestBase:378 - Search keyword found .....
2019-08-20 20:05:47 INFO  TestBase:378 - Search keyword found .....
2019-08-20 20:05:47 INFO  TestBase:378 - Search keyword found .....
2019-08-20 20:05:47 INFO  TestBase:378 - Search keyword found .....
2019-08-20 20:05:47 INFO  TestBase:378 - Search keyword found .....
2019-08-20 20:05:47 INFO  TestBase:378 - Search keyword found .....
2019-08-20 20:05:47 INFO  TestBase:378 - Search keyword found .....
2019-08-20 20:05:47 INFO  TestBase:378 - Search keyword found .....
2019-08-20 20:05:47 INFO  TestBase:378 - Search keyword found .....
2019-08-20 20:05:47 INFO  TestBase:378 - Search keyword found .....
2019-08-20 20:05:47 INFO  TestBase:378 - Search keyword found .....
2019-08-20 20:05:47 INFO  TestBase:378 - Search keyword found .....
2019-08-20 20:05:47 INFO  TestBase:378 - Search keyword found .....
2019-08-20 20:05:47 INFO  TestBase:378 - Search keyword found .....
2019-08-20 20:05:47 INFO  TestBase:378 - Search keyword found .....
2019-08-20 20:05:47 INFO  TestBase:378 - Search keyword found .....
2019-08-20 20:05:47 INFO  TestBase:378 - Search keyword found .....
2019-08-20 20:05:47 INFO  TestBase:378 - Search keyword found .....
2019-08-20 20:05:47 INFO  TestBase:378 - Search keyword found .....
2019-08-20 20:05:47 INFO  TestBase:378 - Search keyword found .....
2019-08-20 20:05:47 INFO  TestBase:378 - Search keyword found .....
2019-08-20 20:05:47 INFO  TestBase:378 - Search keyword found .....
2019-08-20 20:05:47 INFO  TestBase:378 - Search keyword found .....
2019-08-20 20:05:47 INFO  TestBase:378 - Search keyword found .....
2019-08-20 20:05:47 INFO  TestBase:378 - Search keyword found .....
2019-08-20 20:05:47 INFO  TestBase:378 - Search keyword found .....
2019-08-20 20:05:47 INFO  TestBase:378 - Search keyword found .....
2019-08-20 20:05:47 INFO  TestBase:378 - Search keyword found .....
2019-08-20 20:05:47 INFO  TestBase:378 - Search keyword found .....
2019-08-20 20:05:47 INFO  TestBase:378 - Search keyword found .....
2019-08-20 20:05:47 INFO  TestBase:378 - Search keyword found .....
2019-08-20 20:05:47 INFO  TestBase:378 - Search keyword found .....
2019-08-20 20:05:47 INFO  TestBase:378 - Search keyword found .....
2019-08-20 20:05:47 INFO  TestBase:378 - Search keyword found .....
2019-08-20 20:05:47 INFO  TestBase:378 - Search keyword found .....
2019-08-20 20:05:47 INFO  TestBase:378 - Search keyword found .....
2019-08-20 20:05:47 INFO  TestBase:378 - Search keyword found .....
2019-08-20 20:05:47 INFO  TestBase:378 - Search keyword found .....
2019-08-20 20:05:47 INFO  TestBase:378 - Search keyword found .....
2019-08-20 20:05:47 INFO  TestListener:89 - Test casetestCaseTwo passed!
2019-08-20 20:05:47 INFO  TestBase:124 - Testcase execution completed :::::: testCaseTwo
2019-08-20 20:05:47 INFO  TestBase:107 - Tests Ended from class :::::UbinetSampleTestCases
2019-08-20 20:05:47 INFO  TestListener:60 - Congrats, All test cases are passed
2019-08-20 20:05:47 INFO  TestListener:62 - Test Suite is ending!
2019-08-20 20:05:47 INFO  TestBase:131 - Logger Info:: Inside suiteEndReached Method
2019-08-20 20:05:47 INFO  TestBase:132 - Suite ended
2019-08-20 20:32:30 INFO  PropertiesCache:22 - java.io.BufferedInputStream@7c0e2abd
2019-08-20 20:32:30 INFO  PropertiesCache:23 - Read all the configurations from  file
2019-08-20 20:32:30 INFO  ExtentManager:92 - Directory already exists: D:\Software\Training\selenium\HonestFoodCompanySelenium\TestReport
2019-08-20 20:32:30 INFO  ExtentManager:73 - ExtentReport Path for WINDOWS: D:\Software\Training\selenium\HonestFoodCompanySelenium\TestReport

2019-08-20 20:32:30 INFO  TestBase:54 - :::::::::::::::::::: Launching webdriver ::::::::::::::::::::
2019-08-20 20:32:30 INFO  TestBase:70 -  =================================================== 
2019-08-20 20:32:30 INFO  TestBase:71 - Url is :: http://bet.unibet.co.uk
2019-08-20 20:32:30 INFO  TestBase:72 -  =================================================== 
2019-08-20 20:32:52 INFO  TestListener:33 - Test Suite started!
2019-08-20 20:32:55 INFO  TestBase:115 - Testcase name is :::::: testCaseOne
2019-08-20 20:32:55 INFO  TestBase:116 - testCaseOne Started ::::
2019-08-20 20:32:55 INFO  TestListener:77 - testCaseOne started!
2019-08-20 20:33:05 INFO  TestBase:90 - Exception occured while clicking on continueWithoutBonus button :: org.openqa.selenium.NoSuchElementException: no such element: Unable to locate element: {"method":"xpath","selector":"//*[contains(text(),'Continue Without Special Bonus')]"}
  (Session info: chrome=76.0.3809.100)
For documentation on this error, please visit: http://seleniumhq.org/exceptions/no_such_element.html
Build info: version: '3.6.0', revision: '6fbf3ec767', time: '2017-09-27T15:28:36.4Z'
System info: host: 'DESKTOP-I4QDLMG', ip: '192.168.43.108', os.name: 'Windows 10', os.arch: 'amd64', os.version: '10.0', java.version: '1.8.0_211'
Driver info: org.openqa.selenium.chrome.ChromeDriver
Capabilities [{networkConnectionEnabled=false, chrome={chromedriverVersion=75.0.3770.140 (2d9f97485c7b07dc18a74666574f19176731995c-refs/branch-heads/3770@{#1155}), userDataDir=C:\Users\Moh\AppData\Local\Temp\scoped_dir6312_12968}, timeouts={implicit=0, pageLoad=300000, script=30000}, pageLoadStrategy=normal, unhandledPromptBehavior=dismiss and notify, strictFileInteractability=false, platform=XP, proxy=Proxy(), goog:chromeOptions={debuggerAddress=localhost:50838}, acceptInsecureCerts=false, browserVersion=76.0.3809.100, browserName=chrome, javascriptEnabled=true, platformName=XP, setWindowRect=true}]
Session ID: 3b2c5dccbaf3024682482bf858f8b84d
*** Element info: {Using=xpath, value=//*[contains(text(),'Continue Without Special Bonus')]}
2019-08-20 20:33:18 INFO  TestBase:400 - Search keyword found .....
2019-08-20 20:33:18 INFO  TestBase:400 - Search keyword found .....
2019-08-20 20:33:18 INFO  TestBase:400 - Search keyword found .....
2019-08-20 20:33:18 INFO  TestBase:400 - Search keyword found .....
2019-08-20 20:33:18 INFO  TestBase:400 - Search keyword found .....
2019-08-20 20:33:18 INFO  TestBase:400 - Search keyword found .....
2019-08-20 20:33:18 INFO  TestBase:400 - Search keyword found .....
2019-08-20 20:33:18 INFO  TestBase:400 - Search keyword found .....
2019-08-20 20:33:18 INFO  TestBase:400 - Search keyword found .....
2019-08-20 20:33:18 INFO  TestBase:400 - Search keyword found .....
2019-08-20 20:33:18 INFO  TestBase:400 - Search keyword found .....
2019-08-20 20:33:18 INFO  TestBase:400 - Search keyword found .....
2019-08-20 20:33:18 INFO  TestBase:400 - Search keyword found .....
2019-08-20 20:33:18 INFO  TestBase:400 - Search keyword found .....
2019-08-20 20:33:18 INFO  TestBase:400 - Search keyword found .....
2019-08-20 20:33:18 INFO  TestBase:400 - Search keyword found .....
2019-08-20 20:33:18 INFO  TestBase:400 - Search keyword found .....
2019-08-20 20:33:18 INFO  TestBase:400 - Search keyword found .....
2019-08-20 20:33:18 INFO  TestBase:400 - Search keyword found .....
2019-08-20 20:33:18 INFO  TestBase:400 - Search keyword found .....
2019-08-20 20:33:18 INFO  TestBase:400 - Search keyword found .....
2019-08-20 20:33:18 INFO  TestBase:400 - Search keyword found .....
2019-08-20 20:33:18 INFO  TestBase:400 - Search keyword found .....
2019-08-20 20:33:18 INFO  TestBase:400 - Search keyword found .....
2019-08-20 20:33:18 INFO  TestBase:400 - Search keyword found .....
2019-08-20 20:33:18 INFO  TestBase:400 - Search keyword found .....
2019-08-20 20:33:18 INFO  TestBase:400 - Search keyword found .....
2019-08-20 20:33:18 INFO  TestBase:400 - Search keyword found .....
2019-08-20 20:33:18 INFO  TestBase:400 - Search keyword found .....
2019-08-20 20:33:18 INFO  TestBase:400 - Search keyword found .....
2019-08-20 20:33:18 INFO  TestBase:400 - Search keyword found .....
2019-08-20 20:33:18 INFO  TestBase:400 - Search keyword found .....
2019-08-20 20:33:18 INFO  TestBase:400 - Search keyword found .....
2019-08-20 20:33:18 INFO  TestBase:400 - Search keyword found .....
2019-08-20 20:33:18 INFO  TestBase:400 - Search keyword found .....
2019-08-20 20:33:18 INFO  TestBase:400 - Search keyword found .....
2019-08-20 20:33:18 INFO  TestBase:400 - Search keyword found .....
2019-08-20 20:33:18 INFO  TestBase:400 - Search keyword found .....
2019-08-20 20:33:18 INFO  TestBase:400 - Search keyword found .....
2019-08-20 20:33:18 INFO  TestBase:400 - Search keyword found .....
2019-08-20 20:33:18 INFO  TestBase:400 - Search keyword found .....
2019-08-20 20:33:18 INFO  TestBase:400 - Search keyword found .....
2019-08-20 20:33:18 INFO  TestBase:400 - Search keyword found .....
2019-08-20 20:33:18 INFO  TestBase:400 - Search keyword found .....
2019-08-20 20:33:18 INFO  TestBase:400 - Search keyword found .....
2019-08-20 20:33:18 INFO  TestBase:400 - Search keyword found .....
2019-08-20 20:33:18 INFO  TestBase:400 - Search keyword found .....
2019-08-20 20:33:18 INFO  TestBase:400 - Search keyword found .....
2019-08-20 20:33:18 INFO  TestBase:400 - Search keyword found .....
2019-08-20 20:33:18 INFO  TestBase:400 - Search keyword found .....
2019-08-20 20:33:18 INFO  TestBase:400 - Search keyword found .....
2019-08-20 20:33:18 INFO  TestBase:400 - Search keyword found .....
2019-08-20 20:33:18 INFO  TestBase:400 - Search keyword found .....
2019-08-20 20:33:18 INFO  TestBase:400 - Search keyword found .....
2019-08-20 20:33:18 INFO  TestBase:400 - Search keyword found .....
2019-08-20 20:33:18 INFO  TestBase:400 - Search keyword found .....
2019-08-20 20:33:18 INFO  TestBase:400 - Search keyword found .....
2019-08-20 20:33:18 INFO  TestListener:89 - Test casetestCaseOne passed!
2019-08-20 20:33:18 INFO  TestBase:124 - Testcase execution completed :::::: testCaseOne
2019-08-20 20:33:18 INFO  TestBase:115 - Testcase name is :::::: testCaseThree
2019-08-20 20:33:18 INFO  TestBase:116 - testCaseThree Started ::::
2019-08-20 20:33:18 INFO  TestListener:77 - testCaseThree started!
2019-08-20 20:33:34 INFO  TestBase:134 - Exception occured while clicking on Continue :: org.openqa.selenium.ElementNotInteractableException: element not interactable
  (Session info: chrome=76.0.3809.100)
Build info: version: '3.6.0', revision: '6fbf3ec767', time: '2017-09-27T15:28:36.4Z'
System info: host: 'DESKTOP-I4QDLMG', ip: '192.168.43.108', os.name: 'Windows 10', os.arch: 'amd64', os.version: '10.0', java.version: '1.8.0_211'
Driver info: org.openqa.selenium.chrome.ChromeDriver
Capabilities [{networkConnectionEnabled=false, chrome={chromedriverVersion=75.0.3770.140 (2d9f97485c7b07dc18a74666574f19176731995c-refs/branch-heads/3770@{#1155}), userDataDir=C:\Users\Moh\AppData\Local\Temp\scoped_dir6312_12968}, timeouts={implicit=0, pageLoad=300000, script=30000}, pageLoadStrategy=normal, unhandledPromptBehavior=dismiss and notify, strictFileInteractability=false, platform=XP, proxy=Proxy(), goog:chromeOptions={debuggerAddress=localhost:50838}, acceptInsecureCerts=false, browserVersion=76.0.3809.100, browserName=chrome, javascriptEnabled=true, platformName=XP, setWindowRect=true}]
Session ID: 3b2c5dccbaf3024682482bf858f8b84d
2019-08-20 20:33:34 INFO  TestListener:89 - Test casetestCaseThree passed!
2019-08-20 20:33:34 INFO  TestBase:124 - Testcase execution completed :::::: testCaseThree
2019-08-20 20:33:34 INFO  TestBase:115 - Testcase name is :::::: testCaseTwo
2019-08-20 20:33:34 INFO  TestBase:116 - testCaseTwo Started ::::
2019-08-20 20:33:34 INFO  TestListener:77 - testCaseTwo started!
2019-08-20 20:33:45 INFO  TestBase:50 - Exception occured while entering data in Search in blog :: org.openqa.selenium.NoSuchElementException: no such element: Unable to locate element: {"method":"xpath","selector":"//input[@class='_3Hr3qONzU09D2EpcszWrzd']"}
  (Session info: chrome=76.0.3809.100)
For documentation on this error, please visit: http://seleniumhq.org/exceptions/no_such_element.html
Build info: version: '3.6.0', revision: '6fbf3ec767', time: '2017-09-27T15:28:36.4Z'
System info: host: 'DESKTOP-I4QDLMG', ip: '192.168.43.108', os.name: 'Windows 10', os.arch: 'amd64', os.version: '10.0', java.version: '1.8.0_211'
Driver info: org.openqa.selenium.chrome.ChromeDriver
Capabilities [{networkConnectionEnabled=false, chrome={chromedriverVersion=75.0.3770.140 (2d9f97485c7b07dc18a74666574f19176731995c-refs/branch-heads/3770@{#1155}), userDataDir=C:\Users\Moh\AppData\Local\Temp\scoped_dir6312_12968}, timeouts={implicit=0, pageLoad=300000, script=30000}, pageLoadStrategy=normal, unhandledPromptBehavior=dismiss and notify, strictFileInteractability=false, platform=XP, proxy=Proxy(), goog:chromeOptions={debuggerAddress=localhost:50838}, acceptInsecureCerts=false, browserVersion=76.0.3809.100, browserName=chrome, javascriptEnabled=true, platformName=XP, setWindowRect=true}]
Session ID: 3b2c5dccbaf3024682482bf858f8b84d
*** Element info: {Using=xpath, value=//input[@class='_3Hr3qONzU09D2EpcszWrzd']}
2019-08-20 20:33:58 INFO  TestListener:89 - Test casetestCaseTwo passed!
2019-08-20 20:33:58 INFO  TestBase:124 - Testcase execution completed :::::: testCaseTwo
2019-08-20 20:33:58 INFO  TestBase:107 - Tests Ended from class :::::UbinetSampleTestCases
2019-08-20 20:33:58 INFO  TestListener:60 - Congrats, All test cases are passed
2019-08-20 20:33:58 INFO  TestListener:62 - Test Suite is ending!
2019-08-20 20:33:58 INFO  TestBase:131 - Logger Info:: Inside suiteEndReached Method
2019-08-20 20:33:58 INFO  TestBase:132 - Suite ended
2019-08-20 20:35:49 INFO  PropertiesCache:22 - java.io.BufferedInputStream@7c0e2abd
2019-08-20 20:35:49 INFO  PropertiesCache:23 - Read all the configurations from  file
2019-08-20 20:35:49 INFO  ExtentManager:92 - Directory already exists: D:\Software\Training\selenium\HonestFoodCompanySelenium\TestReport
2019-08-20 20:35:49 INFO  ExtentManager:73 - ExtentReport Path for WINDOWS: D:\Software\Training\selenium\HonestFoodCompanySelenium\TestReport

2019-08-20 20:35:49 INFO  TestBase:54 - :::::::::::::::::::: Launching webdriver ::::::::::::::::::::
2019-08-20 20:35:49 INFO  TestBase:70 -  =================================================== 
2019-08-20 20:35:49 INFO  TestBase:71 - Url is :: http://bet.unibet.co.uk
2019-08-20 20:35:49 INFO  TestBase:72 -  =================================================== 
2019-08-20 20:36:06 INFO  TestListener:33 - Test Suite started!
2019-08-20 20:36:09 INFO  TestBase:115 - Testcase name is :::::: testCaseOne
2019-08-20 20:36:09 INFO  TestBase:116 - testCaseOne Started ::::
2019-08-20 20:36:09 INFO  TestListener:77 - testCaseOne started!
2019-08-20 20:36:19 INFO  TestBase:90 - Exception occured while clicking on continueWithoutBonus button :: org.openqa.selenium.NoSuchElementException: no such element: Unable to locate element: {"method":"xpath","selector":"//*[contains(text(),'Continue Without Special Bonus')]"}
  (Session info: chrome=76.0.3809.100)
For documentation on this error, please visit: http://seleniumhq.org/exceptions/no_such_element.html
Build info: version: '3.6.0', revision: '6fbf3ec767', time: '2017-09-27T15:28:36.4Z'
System info: host: 'DESKTOP-I4QDLMG', ip: '192.168.43.108', os.name: 'Windows 10', os.arch: 'amd64', os.version: '10.0', java.version: '1.8.0_211'
Driver info: org.openqa.selenium.chrome.ChromeDriver
Capabilities [{networkConnectionEnabled=false, chrome={chromedriverVersion=75.0.3770.140 (2d9f97485c7b07dc18a74666574f19176731995c-refs/branch-heads/3770@{#1155}), userDataDir=C:\Users\Moh\AppData\Local\Temp\scoped_dir10776_16681}, timeouts={implicit=0, pageLoad=300000, script=30000}, pageLoadStrategy=normal, unhandledPromptBehavior=dismiss and notify, strictFileInteractability=false, platform=XP, proxy=Proxy(), goog:chromeOptions={debuggerAddress=localhost:51953}, acceptInsecureCerts=false, browserVersion=76.0.3809.100, browserName=chrome, javascriptEnabled=true, platformName=XP, setWindowRect=true}]
Session ID: 1baaa7f4c71bf0742dfc60502909f86a
*** Element info: {Using=xpath, value=//*[contains(text(),'Continue Without Special Bonus')]}
2019-08-20 20:36:37 INFO  TestBase:400 - Search keyword found .....
2019-08-20 20:36:37 INFO  TestBase:400 - Search keyword found .....
2019-08-20 20:36:37 INFO  TestBase:400 - Search keyword found .....
2019-08-20 20:36:37 INFO  TestBase:400 - Search keyword found .....
2019-08-20 20:36:37 INFO  TestBase:400 - Search keyword found .....
2019-08-20 20:36:37 INFO  TestBase:400 - Search keyword found .....
2019-08-20 20:36:37 INFO  TestBase:400 - Search keyword found .....
2019-08-20 20:36:37 INFO  TestBase:400 - Search keyword found .....
2019-08-20 20:36:37 INFO  TestBase:400 - Search keyword found .....
2019-08-20 20:36:37 INFO  TestBase:400 - Search keyword found .....
2019-08-20 20:36:37 INFO  TestBase:400 - Search keyword found .....
2019-08-20 20:36:37 INFO  TestBase:400 - Search keyword found .....
2019-08-20 20:36:37 INFO  TestBase:400 - Search keyword found .....
2019-08-20 20:36:37 INFO  TestBase:400 - Search keyword found .....
2019-08-20 20:36:37 INFO  TestBase:400 - Search keyword found .....
2019-08-20 20:36:37 INFO  TestBase:400 - Search keyword found .....
2019-08-20 20:36:37 INFO  TestBase:400 - Search keyword found .....
2019-08-20 20:36:37 INFO  TestBase:400 - Search keyword found .....
2019-08-20 20:36:37 INFO  TestBase:400 - Search keyword found .....
2019-08-20 20:36:37 INFO  TestBase:400 - Search keyword found .....
2019-08-20 20:36:37 INFO  TestBase:400 - Search keyword found .....
2019-08-20 20:36:37 INFO  TestBase:400 - Search keyword found .....
2019-08-20 20:36:37 INFO  TestBase:400 - Search keyword found .....
2019-08-20 20:36:37 INFO  TestBase:400 - Search keyword found .....
2019-08-20 20:36:37 INFO  TestBase:400 - Search keyword found .....
2019-08-20 20:36:37 INFO  TestBase:400 - Search keyword found .....
2019-08-20 20:36:37 INFO  TestBase:400 - Search keyword found .....
2019-08-20 20:36:37 INFO  TestBase:400 - Search keyword found .....
2019-08-20 20:36:37 INFO  TestBase:400 - Search keyword found .....
2019-08-20 20:36:37 INFO  TestBase:400 - Search keyword found .....
2019-08-20 20:36:37 INFO  TestBase:400 - Search keyword found .....
2019-08-20 20:36:37 INFO  TestBase:400 - Search keyword found .....
2019-08-20 20:36:37 INFO  TestBase:400 - Search keyword found .....
2019-08-20 20:36:37 INFO  TestBase:400 - Search keyword found .....
2019-08-20 20:36:37 INFO  TestBase:400 - Search keyword found .....
2019-08-20 20:36:37 INFO  TestBase:400 - Search keyword found .....
2019-08-20 20:36:37 INFO  TestBase:400 - Search keyword found .....
2019-08-20 20:36:37 INFO  TestBase:400 - Search keyword found .....
2019-08-20 20:36:37 INFO  TestBase:400 - Search keyword found .....
2019-08-20 20:36:37 INFO  TestBase:400 - Search keyword found .....
2019-08-20 20:36:37 INFO  TestBase:400 - Search keyword found .....
2019-08-20 20:36:37 INFO  TestBase:400 - Search keyword found .....
2019-08-20 20:36:37 INFO  TestBase:400 - Search keyword found .....
2019-08-20 20:36:37 INFO  TestBase:400 - Search keyword found .....
2019-08-20 20:36:37 INFO  TestBase:400 - Search keyword found .....
2019-08-20 20:36:37 INFO  TestBase:400 - Search keyword found .....
2019-08-20 20:36:37 INFO  TestBase:400 - Search keyword found .....
2019-08-20 20:36:37 INFO  TestBase:400 - Search keyword found .....
2019-08-20 20:36:37 INFO  TestBase:400 - Search keyword found .....
2019-08-20 20:36:37 INFO  TestBase:400 - Search keyword found .....
2019-08-20 20:36:37 INFO  TestBase:400 - Search keyword found .....
2019-08-20 20:36:37 INFO  TestBase:400 - Search keyword found .....
2019-08-20 20:36:37 INFO  TestBase:400 - Search keyword found .....
2019-08-20 20:36:37 INFO  TestBase:400 - Search keyword found .....
2019-08-20 20:36:37 INFO  TestBase:400 - Search keyword found .....
2019-08-20 20:36:37 INFO  TestBase:400 - Search keyword found .....
2019-08-20 20:36:37 INFO  TestBase:400 - Search keyword found .....
2019-08-20 20:36:37 INFO  TestListener:89 - Test casetestCaseOne passed!
2019-08-20 20:36:37 INFO  TestBase:124 - Testcase execution completed :::::: testCaseOne
2019-08-20 20:36:37 INFO  TestBase:115 - Testcase name is :::::: testCaseThree
2019-08-20 20:36:37 INFO  TestBase:116 - testCaseThree Started ::::
2019-08-20 20:36:37 INFO  TestListener:77 - testCaseThree started!
2019-08-20 20:36:43 INFO  TestListener:89 - Test casetestCaseThree passed!
2019-08-20 20:36:43 INFO  TestBase:124 - Testcase execution completed :::::: testCaseThree
2019-08-20 20:36:43 INFO  TestBase:115 - Testcase name is :::::: testCaseTwo
2019-08-20 20:36:43 INFO  TestBase:116 - testCaseTwo Started ::::
2019-08-20 20:36:43 INFO  TestListener:77 - testCaseTwo started!
2019-08-20 20:36:54 INFO  TestBase:50 - Exception occured while entering data in Search in blog :: org.openqa.selenium.NoSuchElementException: no such element: Unable to locate element: {"method":"xpath","selector":"//input[@class='_3Hr3qONzU09D2EpcszWrzd']"}
  (Session info: chrome=76.0.3809.100)
For documentation on this error, please visit: http://seleniumhq.org/exceptions/no_such_element.html
Build info: version: '3.6.0', revision: '6fbf3ec767', time: '2017-09-27T15:28:36.4Z'
System info: host: 'DESKTOP-I4QDLMG', ip: '192.168.43.108', os.name: 'Windows 10', os.arch: 'amd64', os.version: '10.0', java.version: '1.8.0_211'
Driver info: org.openqa.selenium.chrome.ChromeDriver
Capabilities [{networkConnectionEnabled=false, chrome={chromedriverVersion=75.0.3770.140 (2d9f97485c7b07dc18a74666574f19176731995c-refs/branch-heads/3770@{#1155}), userDataDir=C:\Users\Moh\AppData\Local\Temp\scoped_dir10776_16681}, timeouts={implicit=0, pageLoad=300000, script=30000}, pageLoadStrategy=normal, unhandledPromptBehavior=dismiss and notify, strictFileInteractability=false, platform=XP, proxy=Proxy(), goog:chromeOptions={debuggerAddress=localhost:51953}, acceptInsecureCerts=false, browserVersion=76.0.3809.100, browserName=chrome, javascriptEnabled=true, platformName=XP, setWindowRect=true}]
Session ID: 1baaa7f4c71bf0742dfc60502909f86a
*** Element info: {Using=xpath, value=//input[@class='_3Hr3qONzU09D2EpcszWrzd']}
2019-08-20 20:37:07 INFO  TestListener:89 - Test casetestCaseTwo passed!
2019-08-20 20:37:07 INFO  TestBase:124 - Testcase execution completed :::::: testCaseTwo
2019-08-20 20:37:07 INFO  TestBase:107 - Tests Ended from class :::::UbinetSampleTestCases
2019-08-20 20:37:07 INFO  TestListener:60 - Congrats, All test cases are passed
2019-08-20 20:37:07 INFO  TestListener:62 - Test Suite is ending!
2019-08-20 20:37:07 INFO  TestBase:131 - Logger Info:: Inside suiteEndReached Method
2019-08-20 20:37:07 INFO  TestBase:132 - Suite ended
2019-08-20 20:43:56 INFO  PropertiesCache:22 - java.io.BufferedInputStream@7c0e2abd
2019-08-20 20:43:56 INFO  PropertiesCache:23 - Read all the configurations from  file
2019-08-20 20:43:56 INFO  ExtentManager:92 - Directory already exists: D:\Software\Training\selenium\HonestFoodCompanySelenium\TestReport
2019-08-20 20:43:56 INFO  ExtentManager:73 - ExtentReport Path for WINDOWS: D:\Software\Training\selenium\HonestFoodCompanySelenium\TestReport

2019-08-20 20:43:56 INFO  TestBase:54 - :::::::::::::::::::: Launching webdriver ::::::::::::::::::::
2019-08-20 20:43:56 INFO  TestBase:70 -  =================================================== 
2019-08-20 20:43:56 INFO  TestBase:71 - Url is :: http://bet.unibet.co.uk
2019-08-20 20:43:56 INFO  TestBase:72 -  =================================================== 
2019-08-20 20:44:15 INFO  TestListener:33 - Test Suite started!
2019-08-20 20:44:18 INFO  TestBase:115 - Testcase name is :::::: testCaseOne
2019-08-20 20:44:18 INFO  TestBase:116 - testCaseOne Started ::::
2019-08-20 20:44:18 INFO  TestListener:77 - testCaseOne started!
2019-08-20 20:44:28 INFO  TestBase:90 - Exception occured while clicking on continueWithoutBonus button :: org.openqa.selenium.NoSuchElementException: no such element: Unable to locate element: {"method":"xpath","selector":"//*[contains(text(),'Continue Without Special Bonus')]"}
  (Session info: chrome=76.0.3809.100)
For documentation on this error, please visit: http://seleniumhq.org/exceptions/no_such_element.html
Build info: version: '3.6.0', revision: '6fbf3ec767', time: '2017-09-27T15:28:36.4Z'
System info: host: 'DESKTOP-I4QDLMG', ip: '192.168.43.108', os.name: 'Windows 10', os.arch: 'amd64', os.version: '10.0', java.version: '1.8.0_211'
Driver info: org.openqa.selenium.chrome.ChromeDriver
Capabilities [{networkConnectionEnabled=false, chrome={chromedriverVersion=75.0.3770.140 (2d9f97485c7b07dc18a74666574f19176731995c-refs/branch-heads/3770@{#1155}), userDataDir=C:\Users\Moh\AppData\Local\Temp\scoped_dir21552_24292}, timeouts={implicit=0, pageLoad=300000, script=30000}, pageLoadStrategy=normal, unhandledPromptBehavior=dismiss and notify, strictFileInteractability=false, platform=XP, proxy=Proxy(), goog:chromeOptions={debuggerAddress=localhost:54669}, acceptInsecureCerts=false, browserVersion=76.0.3809.100, browserName=chrome, javascriptEnabled=true, platformName=XP, setWindowRect=true}]
Session ID: af6b8e7ab3f8e0cdac7b62be45f4828d
*** Element info: {Using=xpath, value=//*[contains(text(),'Continue Without Special Bonus')]}
2019-08-20 20:44:39 INFO  TestBase:400 - Search keyword found .....
2019-08-20 20:44:39 INFO  TestBase:400 - Search keyword found .....
2019-08-20 20:44:39 INFO  TestBase:400 - Search keyword found .....
2019-08-20 20:44:39 INFO  TestBase:400 - Search keyword found .....
2019-08-20 20:44:39 INFO  TestBase:400 - Search keyword found .....
2019-08-20 20:44:39 INFO  TestBase:400 - Search keyword found .....
2019-08-20 20:44:39 INFO  TestBase:400 - Search keyword found .....
2019-08-20 20:44:39 INFO  TestBase:400 - Search keyword found .....
2019-08-20 20:44:39 INFO  TestBase:400 - Search keyword found .....
2019-08-20 20:44:39 INFO  TestBase:400 - Search keyword found .....
2019-08-20 20:44:39 INFO  TestBase:400 - Search keyword found .....
2019-08-20 20:44:39 INFO  TestBase:400 - Search keyword found .....
2019-08-20 20:44:39 INFO  TestBase:400 - Search keyword found .....
2019-08-20 20:44:39 INFO  TestBase:400 - Search keyword found .....
2019-08-20 20:44:39 INFO  TestBase:400 - Search keyword found .....
2019-08-20 20:44:39 INFO  TestBase:400 - Search keyword found .....
2019-08-20 20:44:39 INFO  TestBase:400 - Search keyword found .....
2019-08-20 20:44:39 INFO  TestBase:400 - Search keyword found .....
2019-08-20 20:44:39 INFO  TestBase:400 - Search keyword found .....
2019-08-20 20:44:39 INFO  TestBase:400 - Search keyword found .....
2019-08-20 20:44:39 INFO  TestBase:400 - Search keyword found .....
2019-08-20 20:44:39 INFO  TestBase:400 - Search keyword found .....
2019-08-20 20:44:39 INFO  TestBase:400 - Search keyword found .....
2019-08-20 20:44:39 INFO  TestBase:400 - Search keyword found .....
2019-08-20 20:44:39 INFO  TestBase:400 - Search keyword found .....
2019-08-20 20:44:39 INFO  TestBase:400 - Search keyword found .....
2019-08-20 20:44:39 INFO  TestBase:400 - Search keyword found .....
2019-08-20 20:44:39 INFO  TestBase:400 - Search keyword found .....
2019-08-20 20:44:39 INFO  TestBase:400 - Search keyword found .....
2019-08-20 20:44:39 INFO  TestBase:400 - Search keyword found .....
2019-08-20 20:44:39 INFO  TestBase:400 - Search keyword found .....
2019-08-20 20:44:39 INFO  TestBase:400 - Search keyword found .....
2019-08-20 20:44:39 INFO  TestBase:400 - Search keyword found .....
2019-08-20 20:44:39 INFO  TestBase:400 - Search keyword found .....
2019-08-20 20:44:39 INFO  TestBase:400 - Search keyword found .....
2019-08-20 20:44:39 INFO  TestBase:400 - Search keyword found .....
2019-08-20 20:44:39 INFO  TestBase:400 - Search keyword found .....
2019-08-20 20:44:39 INFO  TestBase:400 - Search keyword found .....
2019-08-20 20:44:39 INFO  TestBase:400 - Search keyword found .....
2019-08-20 20:44:39 INFO  TestBase:400 - Search keyword found .....
2019-08-20 20:44:39 INFO  TestBase:400 - Search keyword found .....
2019-08-20 20:44:39 INFO  TestBase:400 - Search keyword found .....
2019-08-20 20:44:39 INFO  TestBase:400 - Search keyword found .....
2019-08-20 20:44:39 INFO  TestBase:400 - Search keyword found .....
2019-08-20 20:44:39 INFO  TestBase:400 - Search keyword found .....
2019-08-20 20:44:39 INFO  TestBase:400 - Search keyword found .....
2019-08-20 20:44:39 INFO  TestBase:400 - Search keyword found .....
2019-08-20 20:44:39 INFO  TestBase:400 - Search keyword found .....
2019-08-20 20:44:39 INFO  TestBase:400 - Search keyword found .....
2019-08-20 20:44:39 INFO  TestBase:400 - Search keyword found .....
2019-08-20 20:44:39 INFO  TestBase:400 - Search keyword found .....
2019-08-20 20:44:39 INFO  TestBase:400 - Search keyword found .....
2019-08-20 20:44:39 INFO  TestBase:400 - Search keyword found .....
2019-08-20 20:44:39 INFO  TestBase:400 - Search keyword found .....
2019-08-20 20:44:39 INFO  TestBase:400 - Search keyword found .....
2019-08-20 20:44:39 INFO  TestBase:400 - Search keyword found .....
2019-08-20 20:44:39 INFO  TestBase:400 - Search keyword found .....
2019-08-20 20:44:39 INFO  TestListener:89 - Test casetestCaseOne passed!
2019-08-20 20:44:39 INFO  TestBase:124 - Testcase execution completed :::::: testCaseOne
2019-08-20 20:44:39 INFO  TestBase:115 - Testcase name is :::::: testCaseTwo
2019-08-20 20:44:39 INFO  TestBase:116 - testCaseTwo Started ::::
2019-08-20 20:44:39 INFO  TestListener:77 - testCaseTwo started!
2019-08-20 20:44:48 INFO  TestBase:400 - Search keyword found .....
2019-08-20 20:44:48 INFO  TestBase:400 - Search keyword found .....
2019-08-20 20:44:48 INFO  TestBase:400 - Search keyword found .....
2019-08-20 20:44:48 INFO  TestBase:400 - Search keyword found .....
2019-08-20 20:44:48 INFO  TestBase:400 - Search keyword found .....
2019-08-20 20:44:48 INFO  TestBase:400 - Search keyword found .....
2019-08-20 20:44:48 INFO  TestBase:400 - Search keyword found .....
2019-08-20 20:44:48 INFO  TestBase:400 - Search keyword found .....
2019-08-20 20:44:48 INFO  TestBase:400 - Search keyword found .....
2019-08-20 20:44:48 INFO  TestBase:400 - Search keyword found .....
2019-08-20 20:44:48 INFO  TestBase:400 - Search keyword found .....
2019-08-20 20:44:48 INFO  TestBase:400 - Search keyword found .....
2019-08-20 20:44:48 INFO  TestBase:400 - Search keyword found .....
2019-08-20 20:44:48 INFO  TestBase:400 - Search keyword found .....
2019-08-20 20:44:48 INFO  TestBase:400 - Search keyword found .....
2019-08-20 20:44:48 INFO  TestBase:400 - Search keyword found .....
2019-08-20 20:44:48 INFO  TestBase:400 - Search keyword found .....
2019-08-20 20:44:48 INFO  TestBase:400 - Search keyword found .....
2019-08-20 20:44:48 INFO  TestBase:400 - Search keyword found .....
2019-08-20 20:44:48 INFO  TestBase:400 - Search keyword found .....
2019-08-20 20:44:48 INFO  TestBase:400 - Search keyword found .....
2019-08-20 20:44:48 INFO  TestBase:400 - Search keyword found .....
2019-08-20 20:44:48 INFO  TestBase:400 - Search keyword found .....
2019-08-20 20:44:48 INFO  TestBase:400 - Search keyword found .....
2019-08-20 20:44:48 INFO  TestBase:400 - Search keyword found .....
2019-08-20 20:44:48 INFO  TestBase:400 - Search keyword found .....
2019-08-20 20:44:48 INFO  TestBase:400 - Search keyword found .....
2019-08-20 20:44:48 INFO  TestBase:400 - Search keyword found .....
2019-08-20 20:44:48 INFO  TestBase:400 - Search keyword found .....
2019-08-20 20:44:48 INFO  TestBase:400 - Search keyword found .....
2019-08-20 20:44:48 INFO  TestBase:400 - Search keyword found .....
2019-08-20 20:44:48 INFO  TestBase:400 - Search keyword found .....
2019-08-20 20:44:48 INFO  TestBase:400 - Search keyword found .....
2019-08-20 20:44:48 INFO  TestBase:400 - Search keyword found .....
2019-08-20 20:44:48 INFO  TestBase:400 - Search keyword found .....
2019-08-20 20:44:48 INFO  TestBase:400 - Search keyword found .....
2019-08-20 20:44:48 INFO  TestBase:400 - Search keyword found .....
2019-08-20 20:44:48 INFO  TestBase:400 - Search keyword found .....
2019-08-20 20:44:48 INFO  TestBase:400 - Search keyword found .....
2019-08-20 20:44:48 INFO  TestBase:400 - Search keyword found .....
2019-08-20 20:44:48 INFO  TestBase:400 - Search keyword found .....
2019-08-20 20:44:48 INFO  TestBase:400 - Search keyword found .....
2019-08-20 20:44:48 INFO  TestBase:400 - Search keyword found .....
2019-08-20 20:44:48 INFO  TestBase:400 - Search keyword found .....
2019-08-20 20:44:48 INFO  TestBase:400 - Search keyword found .....
2019-08-20 20:44:48 INFO  TestBase:400 - Search keyword found .....
2019-08-20 20:44:48 INFO  TestBase:400 - Search keyword found .....
2019-08-20 20:44:48 INFO  TestBase:400 - Search keyword found .....
2019-08-20 20:44:48 INFO  TestBase:400 - Search keyword found .....
2019-08-20 20:44:48 INFO  TestBase:400 - Search keyword found .....
2019-08-20 20:44:48 INFO  TestBase:400 - Search keyword found .....
2019-08-20 20:44:48 INFO  TestBase:400 - Search keyword found .....
2019-08-20 20:44:48 INFO  TestBase:400 - Search keyword found .....
2019-08-20 20:44:48 INFO  TestBase:400 - Search keyword found .....
2019-08-20 20:44:48 INFO  TestBase:400 - Search keyword found .....
2019-08-20 20:44:48 INFO  TestBase:400 - Search keyword found .....
2019-08-20 20:44:48 INFO  TestBase:400 - Search keyword found .....
2019-08-20 20:44:48 INFO  TestBase:400 - Search keyword found .....
2019-08-20 20:44:48 INFO  TestBase:400 - Search keyword found .....
2019-08-20 20:44:48 INFO  TestBase:400 - Search keyword found .....
2019-08-20 20:44:48 INFO  TestBase:400 - Search keyword found .....
2019-08-20 20:44:48 INFO  TestBase:400 - Search keyword found .....
2019-08-20 20:44:48 INFO  TestBase:400 - Search keyword found .....
2019-08-20 20:44:48 INFO  TestBase:400 - Search keyword found .....
2019-08-20 20:44:48 INFO  TestBase:400 - Search keyword found .....
2019-08-20 20:44:48 INFO  TestBase:400 - Search keyword found .....
2019-08-20 20:44:48 INFO  TestBase:400 - Search keyword found .....
2019-08-20 20:44:48 INFO  TestBase:400 - Search keyword found .....
2019-08-20 20:44:48 INFO  TestBase:400 - Search keyword found .....
2019-08-20 20:44:48 INFO  TestBase:400 - Search keyword found .....
2019-08-20 20:44:48 INFO  TestBase:400 - Search keyword found .....
2019-08-20 20:44:48 INFO  TestBase:400 - Search keyword found .....
2019-08-20 20:44:48 INFO  TestListener:89 - Test casetestCaseTwo passed!
2019-08-20 20:44:48 INFO  TestBase:124 - Testcase execution completed :::::: testCaseTwo
2019-08-20 20:44:48 INFO  TestBase:115 - Testcase name is :::::: testCaseThree
2019-08-20 20:44:48 INFO  TestBase:116 - testCaseThree Started ::::
2019-08-20 20:44:48 INFO  TestListener:77 - testCaseThree started!
2019-08-20 20:44:54 INFO  TestListener:89 - Test casetestCaseThree passed!
2019-08-20 20:44:54 INFO  TestBase:124 - Testcase execution completed :::::: testCaseThree
2019-08-20 20:44:54 INFO  TestBase:107 - Tests Ended from class :::::UbinetSampleTestCases
2019-08-20 20:44:54 INFO  TestListener:60 - Congrats, All test cases are passed
2019-08-20 20:44:54 INFO  TestListener:62 - Test Suite is ending!
2019-08-20 20:44:54 INFO  TestBase:131 - Logger Info:: Inside suiteEndReached Method
2019-08-20 20:44:54 INFO  TestBase:132 - Suite ended
